{"/Users/chriscowell/Development/truffle/issues/develop/ganache-core/index.js":{"path":"/Users/chriscowell/Development/truffle/issues/develop/ganache-core/index.js","statementMap":{"0":{"start":{"line":2,"column":0},"end":{"line":2,"column":39}},"1":{"start":{"line":4,"column":14},"end":{"line":4,"column":41}},"2":{"start":{"line":7,"column":0},"end":{"line":26,"column":1}},"3":{"start":{"line":9,"column":31},"end":{"line":9,"column":77}},"4":{"start":{"line":10,"column":20},"end":{"line":10,"column":89}},"5":{"start":{"line":11,"column":26},"end":{"line":13,"column":57}},"6":{"start":{"line":14,"column":2},"end":{"line":20,"column":3}},"7":{"start":{"line":15,"column":4},"end":{"line":15,"column":17}},"8":{"start":{"line":17,"column":4},"end":{"line":17,"column":52}},"9":{"start":{"line":18,"column":4},"end":{"line":18,"column":38}},"10":{"start":{"line":19,"column":4},"end":{"line":19,"column":104}},"11":{"start":{"line":22,"column":2},"end":{"line":22,"column":21}},"12":{"start":{"line":25,"column":2},"end":{"line":25,"column":15}},"13":{"start":{"line":29,"column":2},"end":{"line":36,"column":3}},"14":{"start":{"line":30,"column":4},"end":{"line":30,"column":61}},"15":{"start":{"line":31,"column":4},"end":{"line":31,"column":37}},"16":{"start":{"line":32,"column":4},"end":{"line":32,"column":99}},"17":{"start":{"line":34,"column":4},"end":{"line":34,"column":111}},"18":{"start":{"line":35,"column":4},"end":{"line":35,"column":23}}},"fnMap":{"0":{"name":"useBundled","decl":{"start":{"line":28,"column":9},"end":{"line":28,"column":19}},"loc":{"start":{"line":28,"column":22},"end":{"line":37,"column":1}},"line":28}},"branchMap":{"0":{"loc":{"start":{"line":14,"column":2},"end":{"line":20,"column":3}},"type":"if","locations":[{"start":{"line":14,"column":2},"end":{"line":20,"column":3}},{"start":{"line":14,"column":2},"end":{"line":20,"column":3}}],"line":14},"1":{"loc":{"start":{"line":14,"column":6},"end":{"line":14,"column":34}},"type":"binary-expr","locations":[{"start":{"line":14,"column":6},"end":{"line":14,"column":15}},{"start":{"line":14,"column":19},"end":{"line":14,"column":34}}],"line":14}},"s":{"0":1,"1":1,"2":1,"3":1,"4":1,"5":1,"6":1,"7":0,"8":1,"9":1,"10":1,"11":0,"12":0,"13":0,"14":0,"15":0,"16":0,"17":0,"18":0},"f":{"0":0},"b":{"0":[0,1],"1":[1,1]},"_coverageSchema":"43e27e138ebf9cfc5966b082cf9a028302ed4184","hash":"27a138d0bb19b077d2e74d2b24765221281ead24","contentHash":"fe2be5ea9633036196a1f951aafe9b1e"},"/Users/chriscowell/Development/truffle/issues/develop/ganache-core/public-exports.js":{"path":"/Users/chriscowell/Development/truffle/issues/develop/ganache-core/public-exports.js","statementMap":{"0":{"start":{"line":2,"column":0},"end":{"line":2,"column":39}},"1":{"start":{"line":4,"column":17},"end":{"line":4,"column":42}},"2":{"start":{"line":5,"column":15},"end":{"line":5,"column":38}},"3":{"start":{"line":8,"column":0},"end":{"line":16,"column":2}},"4":{"start":{"line":10,"column":4},"end":{"line":10,"column":34}},"5":{"start":{"line":13,"column":4},"end":{"line":13,"column":33}}},"fnMap":{"0":{"name":"(anonymous_0)","decl":{"start":{"line":9,"column":10},"end":{"line":9,"column":11}},"loc":{"start":{"line":9,"column":28},"end":{"line":11,"column":3}},"line":9},"1":{"name":"(anonymous_1)","decl":{"start":{"line":12,"column":12},"end":{"line":12,"column":13}},"loc":{"start":{"line":12,"column":30},"end":{"line":14,"column":3}},"line":12}},"branchMap":{},"s":{"0":1,"1":1,"2":1,"3":1,"4":9,"5":66},"f":{"0":9,"1":66},"b":{},"_coverageSchema":"43e27e138ebf9cfc5966b082cf9a028302ed4184","hash":"20b89d6631409107a0fea425de51e5c70615023b","contentHash":"47682b55050771166578f647c4572fa8"},"/Users/chriscowell/Development/truffle/issues/develop/ganache-core/lib/provider.js":{"path":"/Users/chriscowell/Development/truffle/issues/develop/ganache-core/lib/provider.js","statementMap":{"0":{"start":{"line":2,"column":0},"end":{"line":2,"column":39}},"1":{"start":{"line":4,"column":21},"end":{"line":4,"column":52}},"2":{"start":{"line":5,"column":30},"end":{"line":5,"column":88}},"3":{"start":{"line":7,"column":20},"end":{"line":7,"column":59}},"4":{"start":{"line":8,"column":25},"end":{"line":8,"column":69}},"5":{"start":{"line":9,"column":19},"end":{"line":9,"column":57}},"6":{"start":{"line":10,"column":20},"end":{"line":10,"column":61}},"7":{"start":{"line":12,"column":19},"end":{"line":12,"column":45}},"8":{"start":{"line":14,"column":19},"end":{"line":14,"column":50}},"9":{"start":{"line":15,"column":19},"end":{"line":15,"column":36}},"10":{"start":{"line":17,"column":8},"end":{"line":17,"column":25}},"11":{"start":{"line":20,"column":15},"end":{"line":20,"column":19}},"12":{"start":{"line":21,"column":2},"end":{"line":21,"column":26}},"13":{"start":{"line":23,"column":2},"end":{"line":23,"column":68}},"14":{"start":{"line":25,"column":22},"end":{"line":25,"column":54}},"15":{"start":{"line":27,"column":2},"end":{"line":29,"column":5}},"16":{"start":{"line":31,"column":32},"end":{"line":31,"column":61}},"17":{"start":{"line":33,"column":2},"end":{"line":33,"column":38}},"18":{"start":{"line":34,"column":2},"end":{"line":34,"column":47}},"19":{"start":{"line":35,"column":2},"end":{"line":35,"column":52}},"20":{"start":{"line":36,"column":2},"end":{"line":36,"column":51}},"21":{"start":{"line":37,"column":2},"end":{"line":37,"column":46}},"22":{"start":{"line":38,"column":2},"end":{"line":38,"column":41}},"23":{"start":{"line":40,"column":2},"end":{"line":40,"column":35}},"24":{"start":{"line":41,"column":2},"end":{"line":41,"column":22}},"25":{"start":{"line":43,"column":2},"end":{"line":43,"column":31}},"26":{"start":{"line":44,"column":2},"end":{"line":44,"column":40}},"27":{"start":{"line":45,"column":2},"end":{"line":45,"column":35}},"28":{"start":{"line":46,"column":2},"end":{"line":46,"column":37}},"29":{"start":{"line":47,"column":2},"end":{"line":47,"column":53}},"30":{"start":{"line":48,"column":2},"end":{"line":48,"column":67}},"31":{"start":{"line":50,"column":2},"end":{"line":52,"column":5}},"32":{"start":{"line":51,"column":4},"end":{"line":51,"column":41}},"33":{"start":{"line":55,"column":23},"end":{"line":62,"column":1}},"34":{"start":{"line":64,"column":0},"end":{"line":64,"column":59}},"35":{"start":{"line":65,"column":0},"end":{"line":65,"column":42}},"36":{"start":{"line":67,"column":0},"end":{"line":69,"column":2}},"37":{"start":{"line":68,"column":2},"end":{"line":68,"column":46}},"38":{"start":{"line":71,"column":0},"end":{"line":131,"column":2}},"39":{"start":{"line":72,"column":2},"end":{"line":77,"column":3}},"40":{"start":{"line":73,"column":4},"end":{"line":76,"column":6}},"41":{"start":{"line":79,"column":13},"end":{"line":79,"column":17}},"42":{"start":{"line":81,"column":20},"end":{"line":83,"column":3}},"43":{"start":{"line":82,"column":4},"end":{"line":82,"column":32}},"44":{"start":{"line":85,"column":2},"end":{"line":89,"column":3}},"45":{"start":{"line":86,"column":4},"end":{"line":86,"column":39}},"46":{"start":{"line":88,"column":4},"end":{"line":88,"column":35}},"47":{"start":{"line":91,"column":21},"end":{"line":115,"column":3}},"48":{"start":{"line":95,"column":4},"end":{"line":95,"column":33}},"49":{"start":{"line":97,"column":4},"end":{"line":104,"column":5}},"50":{"start":{"line":98,"column":6},"end":{"line":98,"column":20}},"51":{"start":{"line":99,"column":6},"end":{"line":101,"column":7}},"52":{"start":{"line":100,"column":8},"end":{"line":100,"column":78}},"53":{"start":{"line":103,"column":6},"end":{"line":103,"column":66}},"54":{"start":{"line":106,"column":4},"end":{"line":113,"column":5}},"55":{"start":{"line":107,"column":6},"end":{"line":112,"column":8}},"56":{"start":{"line":114,"column":4},"end":{"line":114,"column":52}},"57":{"start":{"line":117,"column":2},"end":{"line":124,"column":3}},"58":{"start":{"line":118,"column":4},"end":{"line":123,"column":6}},"59":{"start":{"line":126,"column":2},"end":{"line":130,"column":3}},"60":{"start":{"line":127,"column":4},"end":{"line":127,"column":49}},"61":{"start":{"line":129,"column":4},"end":{"line":129,"column":46}},"62":{"start":{"line":133,"column":0},"end":{"line":138,"column":2}},"63":{"start":{"line":135,"column":2},"end":{"line":135,"column":34}},"64":{"start":{"line":136,"column":2},"end":{"line":136,"column":48}},"65":{"start":{"line":137,"column":2},"end":{"line":137,"column":21}},"66":{"start":{"line":140,"column":0},"end":{"line":151,"column":2}},"67":{"start":{"line":141,"column":2},"end":{"line":143,"column":3}},"68":{"start":{"line":142,"column":4},"end":{"line":142,"column":28}},"69":{"start":{"line":145,"column":2},"end":{"line":148,"column":5}},"70":{"start":{"line":150,"column":2},"end":{"line":150,"column":42}},"71":{"start":{"line":153,"column":0},"end":{"line":180,"column":2}},"72":{"start":{"line":154,"column":15},"end":{"line":154,"column":19}},"73":{"start":{"line":156,"column":2},"end":{"line":158,"column":3}},"74":{"start":{"line":157,"column":4},"end":{"line":157,"column":11}},"75":{"start":{"line":160,"column":2},"end":{"line":160,"column":33}},"76":{"start":{"line":162,"column":13},"end":{"line":162,"column":39}},"77":{"start":{"line":164,"column":2},"end":{"line":179,"column":3}},"78":{"start":{"line":165,"column":4},"end":{"line":171,"column":7}},"79":{"start":{"line":166,"column":6},"end":{"line":168,"column":7}},"80":{"start":{"line":167,"column":8},"end":{"line":167,"column":48}},"81":{"start":{"line":169,"column":6},"end":{"line":169,"column":33}},"82":{"start":{"line":170,"column":6},"end":{"line":170,"column":38}},"83":{"start":{"line":174,"column":4},"end":{"line":174,"column":36}},"84":{"start":{"line":176,"column":4},"end":{"line":178,"column":5}},"85":{"start":{"line":177,"column":6},"end":{"line":177,"column":46}},"86":{"start":{"line":182,"column":0},"end":{"line":208,"column":2}},"87":{"start":{"line":186,"column":2},"end":{"line":188,"column":3}},"88":{"start":{"line":187,"column":4},"end":{"line":187,"column":20}},"89":{"start":{"line":190,"column":20},"end":{"line":194,"column":3}},"90":{"start":{"line":196,"column":2},"end":{"line":205,"column":3}},"91":{"start":{"line":198,"column":4},"end":{"line":198,"column":44}},"92":{"start":{"line":199,"column":4},"end":{"line":199,"column":45}},"93":{"start":{"line":200,"column":4},"end":{"line":200,"column":43}},"94":{"start":{"line":201,"column":9},"end":{"line":205,"column":3}},"95":{"start":{"line":202,"column":4},"end":{"line":204,"column":6}},"96":{"start":{"line":207,"column":2},"end":{"line":207,"column":40}},"97":{"start":{"line":211,"column":25},"end":{"line":211,"column":102}},"98":{"start":{"line":213,"column":0},"end":{"line":215,"column":2}},"99":{"start":{"line":214,"column":2},"end":{"line":214,"column":59}},"100":{"start":{"line":217,"column":0},"end":{"line":260,"column":2}},"101":{"start":{"line":218,"column":15},"end":{"line":218,"column":19}},"102":{"start":{"line":220,"column":2},"end":{"line":222,"column":3}},"103":{"start":{"line":221,"column":4},"end":{"line":221,"column":20}},"104":{"start":{"line":227,"column":2},"end":{"line":243,"column":3}},"105":{"start":{"line":228,"column":4},"end":{"line":242,"column":5}},"106":{"start":{"line":232,"column":6},"end":{"line":232,"column":38}},"107":{"start":{"line":234,"column":6},"end":{"line":241,"column":7}},"108":{"start":{"line":235,"column":8},"end":{"line":237,"column":9}},"109":{"start":{"line":236,"column":10},"end":{"line":236,"column":35}},"110":{"start":{"line":238,"column":8},"end":{"line":238,"column":72}},"111":{"start":{"line":240,"column":8},"end":{"line":240,"column":30}},"112":{"start":{"line":245,"column":2},"end":{"line":257,"column":3}},"113":{"start":{"line":246,"column":4},"end":{"line":256,"column":5}},"114":{"start":{"line":247,"column":6},"end":{"line":255,"column":7}},"115":{"start":{"line":248,"column":8},"end":{"line":250,"column":9}},"116":{"start":{"line":249,"column":10},"end":{"line":249,"column":35}},"117":{"start":{"line":251,"column":8},"end":{"line":251,"column":72}},"118":{"start":{"line":253,"column":8},"end":{"line":253,"column":68}},"119":{"start":{"line":254,"column":8},"end":{"line":254,"column":30}},"120":{"start":{"line":259,"column":2},"end":{"line":259,"column":48}},"121":{"start":{"line":262,"column":0},"end":{"line":262,"column":26}}},"fnMap":{"0":{"name":"Provider","decl":{"start":{"line":19,"column":9},"end":{"line":19,"column":17}},"loc":{"start":{"line":19,"column":27},"end":{"line":53,"column":1}},"line":19},"1":{"name":"(anonymous_1)","decl":{"start":{"line":50,"column":37},"end":{"line":50,"column":38}},"loc":{"start":{"line":50,"column":65},"end":{"line":52,"column":3}},"line":50},"2":{"name":"(anonymous_2)","decl":{"start":{"line":60,"column":9},"end":{"line":60,"column":10}},"loc":{"start":{"line":60,"column":20},"end":{"line":60,"column":22}},"line":60},"3":{"name":"(anonymous_3)","decl":{"start":{"line":67,"column":42},"end":{"line":67,"column":43}},"loc":{"start":{"line":67,"column":60},"end":{"line":69,"column":1}},"line":67},"4":{"name":"(anonymous_4)","decl":{"start":{"line":71,"column":26},"end":{"line":71,"column":27}},"loc":{"start":{"line":71,"column":54},"end":{"line":131,"column":1}},"line":71},"5":{"name":"(anonymous_5)","decl":{"start":{"line":81,"column":20},"end":{"line":81,"column":21}},"loc":{"start":{"line":81,"column":38},"end":{"line":83,"column":3}},"line":81},"6":{"name":"(anonymous_6)","decl":{"start":{"line":91,"column":21},"end":{"line":91,"column":22}},"loc":{"start":{"line":91,"column":43},"end":{"line":115,"column":3}},"line":91},"7":{"name":"(anonymous_7)","decl":{"start":{"line":133,"column":27},"end":{"line":133,"column":28}},"loc":{"start":{"line":133,"column":46},"end":{"line":138,"column":1}},"line":133},"8":{"name":"(anonymous_8)","decl":{"start":{"line":140,"column":35},"end":{"line":140,"column":36}},"loc":{"start":{"line":140,"column":67},"end":{"line":151,"column":1}},"line":140},"9":{"name":"(anonymous_9)","decl":{"start":{"line":153,"column":42},"end":{"line":153,"column":43}},"loc":{"start":{"line":153,"column":53},"end":{"line":180,"column":1}},"line":153},"10":{"name":"(anonymous_10)","decl":{"start":{"line":165,"column":40},"end":{"line":165,"column":41}},"loc":{"start":{"line":165,"column":57},"end":{"line":171,"column":5}},"line":165},"11":{"name":"(anonymous_11)","decl":{"start":{"line":182,"column":40},"end":{"line":182,"column":41}},"loc":{"start":{"line":182,"column":64},"end":{"line":208,"column":1}},"line":182},"12":{"name":"(anonymous_12)","decl":{"start":{"line":213,"column":43},"end":{"line":213,"column":44}},"loc":{"start":{"line":213,"column":61},"end":{"line":215,"column":1}},"line":213},"13":{"name":"(anonymous_13)","decl":{"start":{"line":217,"column":43},"end":{"line":217,"column":44}},"loc":{"start":{"line":217,"column":76},"end":{"line":260,"column":1}},"line":217}},"branchMap":{"0":{"loc":{"start":{"line":23,"column":53},"end":{"line":23,"column":66}},"type":"binary-expr","locations":[{"start":{"line":23,"column":53},"end":{"line":23,"column":60}},{"start":{"line":23,"column":64},"end":{"line":23,"column":66}}],"line":23},"1":{"loc":{"start":{"line":72,"column":2},"end":{"line":77,"column":3}},"type":"if","locations":[{"start":{"line":72,"column":2},"end":{"line":77,"column":3}},{"start":{"line":72,"column":2},"end":{"line":77,"column":3}}],"line":72},"2":{"loc":{"start":{"line":85,"column":2},"end":{"line":89,"column":3}},"type":"if","locations":[{"start":{"line":85,"column":2},"end":{"line":89,"column":3}},{"start":{"line":85,"column":2},"end":{"line":89,"column":3}}],"line":85},"3":{"loc":{"start":{"line":97,"column":4},"end":{"line":104,"column":5}},"type":"if","locations":[{"start":{"line":97,"column":4},"end":{"line":104,"column":5}},{"start":{"line":97,"column":4},"end":{"line":104,"column":5}}],"line":97},"4":{"loc":{"start":{"line":106,"column":4},"end":{"line":113,"column":5}},"type":"if","locations":[{"start":{"line":106,"column":4},"end":{"line":113,"column":5}},{"start":{"line":106,"column":4},"end":{"line":113,"column":5}}],"line":106},"5":{"loc":{"start":{"line":114,"column":13},"end":{"line":114,"column":40}},"type":"cond-expr","locations":[{"start":{"line":114,"column":30},"end":{"line":114,"column":33}},{"start":{"line":114,"column":36},"end":{"line":114,"column":40}}],"line":114},"6":{"loc":{"start":{"line":117,"column":2},"end":{"line":124,"column":3}},"type":"if","locations":[{"start":{"line":117,"column":2},"end":{"line":124,"column":3}},{"start":{"line":117,"column":2},"end":{"line":124,"column":3}}],"line":117},"7":{"loc":{"start":{"line":126,"column":2},"end":{"line":130,"column":3}},"type":"if","locations":[{"start":{"line":126,"column":2},"end":{"line":130,"column":3}},{"start":{"line":126,"column":2},"end":{"line":130,"column":3}}],"line":126},"8":{"loc":{"start":{"line":141,"column":2},"end":{"line":143,"column":3}},"type":"if","locations":[{"start":{"line":141,"column":2},"end":{"line":143,"column":3}},{"start":{"line":141,"column":2},"end":{"line":143,"column":3}}],"line":141},"9":{"loc":{"start":{"line":156,"column":2},"end":{"line":158,"column":3}},"type":"if","locations":[{"start":{"line":156,"column":2},"end":{"line":158,"column":3}},{"start":{"line":156,"column":2},"end":{"line":158,"column":3}}],"line":156},"10":{"loc":{"start":{"line":164,"column":2},"end":{"line":179,"column":3}},"type":"if","locations":[{"start":{"line":164,"column":2},"end":{"line":179,"column":3}},{"start":{"line":164,"column":2},"end":{"line":179,"column":3}}],"line":164},"11":{"loc":{"start":{"line":166,"column":6},"end":{"line":168,"column":7}},"type":"if","locations":[{"start":{"line":166,"column":6},"end":{"line":168,"column":7}},{"start":{"line":166,"column":6},"end":{"line":168,"column":7}}],"line":166},"12":{"loc":{"start":{"line":176,"column":4},"end":{"line":178,"column":5}},"type":"if","locations":[{"start":{"line":176,"column":4},"end":{"line":178,"column":5}},{"start":{"line":176,"column":4},"end":{"line":178,"column":5}}],"line":176},"13":{"loc":{"start":{"line":186,"column":2},"end":{"line":188,"column":3}},"type":"if","locations":[{"start":{"line":186,"column":2},"end":{"line":188,"column":3}},{"start":{"line":186,"column":2},"end":{"line":188,"column":3}}],"line":186},"14":{"loc":{"start":{"line":186,"column":6},"end":{"line":186,"column":29}},"type":"binary-expr","locations":[{"start":{"line":186,"column":6},"end":{"line":186,"column":10}},{"start":{"line":186,"column":14},"end":{"line":186,"column":29}}],"line":186},"15":{"loc":{"start":{"line":196,"column":2},"end":{"line":205,"column":3}},"type":"if","locations":[{"start":{"line":196,"column":2},"end":{"line":205,"column":3}},{"start":{"line":196,"column":2},"end":{"line":205,"column":3}}],"line":196},"16":{"loc":{"start":{"line":201,"column":9},"end":{"line":205,"column":3}},"type":"if","locations":[{"start":{"line":201,"column":9},"end":{"line":205,"column":3}},{"start":{"line":201,"column":9},"end":{"line":205,"column":3}}],"line":201},"17":{"loc":{"start":{"line":220,"column":2},"end":{"line":222,"column":3}},"type":"if","locations":[{"start":{"line":220,"column":2},"end":{"line":222,"column":3}},{"start":{"line":220,"column":2},"end":{"line":222,"column":3}}],"line":220},"18":{"loc":{"start":{"line":227,"column":2},"end":{"line":243,"column":3}},"type":"if","locations":[{"start":{"line":227,"column":2},"end":{"line":243,"column":3}},{"start":{"line":227,"column":2},"end":{"line":243,"column":3}}],"line":227},"19":{"loc":{"start":{"line":228,"column":4},"end":{"line":242,"column":5}},"type":"if","locations":[{"start":{"line":228,"column":4},"end":{"line":242,"column":5}},{"start":{"line":228,"column":4},"end":{"line":242,"column":5}}],"line":228},"20":{"loc":{"start":{"line":234,"column":6},"end":{"line":241,"column":7}},"type":"if","locations":[{"start":{"line":234,"column":6},"end":{"line":241,"column":7}},{"start":{"line":234,"column":6},"end":{"line":241,"column":7}}],"line":234},"21":{"loc":{"start":{"line":235,"column":8},"end":{"line":237,"column":9}},"type":"if","locations":[{"start":{"line":235,"column":8},"end":{"line":237,"column":9}},{"start":{"line":235,"column":8},"end":{"line":237,"column":9}}],"line":235},"22":{"loc":{"start":{"line":245,"column":2},"end":{"line":257,"column":3}},"type":"if","locations":[{"start":{"line":245,"column":2},"end":{"line":257,"column":3}},{"start":{"line":245,"column":2},"end":{"line":257,"column":3}}],"line":245},"23":{"loc":{"start":{"line":246,"column":4},"end":{"line":256,"column":5}},"type":"if","locations":[{"start":{"line":246,"column":4},"end":{"line":256,"column":5}},{"start":{"line":246,"column":4},"end":{"line":256,"column":5}}],"line":246},"24":{"loc":{"start":{"line":247,"column":6},"end":{"line":255,"column":7}},"type":"if","locations":[{"start":{"line":247,"column":6},"end":{"line":255,"column":7}},{"start":{"line":247,"column":6},"end":{"line":255,"column":7}}],"line":247},"25":{"loc":{"start":{"line":248,"column":8},"end":{"line":250,"column":9}},"type":"if","locations":[{"start":{"line":248,"column":8},"end":{"line":250,"column":9}},{"start":{"line":248,"column":8},"end":{"line":250,"column":9}}],"line":248},"26":{"loc":{"start":{"line":253,"column":26},"end":{"line":253,"column":67}},"type":"binary-expr","locations":[{"start":{"line":253,"column":26},"end":{"line":253,"column":59}},{"start":{"line":253,"column":63},"end":{"line":253,"column":67}}],"line":253}},"s":{"0":1,"1":1,"2":1,"3":1,"4":1,"5":1,"6":1,"7":1,"8":1,"9":1,"10":1,"11":75,"12":75,"13":75,"14":75,"15":75,"16":75,"17":75,"18":75,"19":75,"20":75,"21":75,"22":75,"23":75,"24":75,"25":75,"26":75,"27":75,"28":75,"29":75,"30":75,"31":75,"32":27,"33":1,"34":1,"35":1,"36":1,"37":75,"38":1,"39":1455,"40":0,"41":1455,"42":1455,"43":1459,"44":1455,"45":1,"46":1454,"47":1455,"48":1456,"49":1456,"50":1,"51":1,"52":5,"53":1455,"54":1456,"55":7,"56":1456,"57":1455,"58":7,"59":1455,"60":0,"61":1455,"62":1,"63":28,"64":28,"65":28,"66":1,"67":1455,"68":72,"69":1455,"70":1455,"71":1,"72":1638,"73":1638,"74":183,"75":1455,"76":1455,"77":1455,"78":1455,"79":1456,"80":183,"81":1456,"82":1455,"83":0,"84":0,"85":0,"86":1,"87":73,"88":7,"89":66,"90":66,"91":66,"92":66,"93":66,"94":0,"95":0,"96":66,"97":1,"98":1,"99":73,"100":1,"101":1460,"102":1460,"103":1387,"104":73,"105":47,"106":8,"107":8,"108":6,"109":6,"110":6,"111":2,"112":73,"113":10,"114":10,"115":5,"116":5,"117":5,"118":5,"119":5,"120":73,"121":1},"f":{"0":75,"1":27,"2":628,"3":75,"4":1455,"5":1459,"6":1456,"7":28,"8":1455,"9":1638,"10":1456,"11":73,"12":73,"13":1460},"b":{"0":[75,8],"1":[0,1455],"2":[1,1454],"3":[1,1455],"4":[7,1449],"5":[66,1390],"6":[7,1448],"7":[0,1455],"8":[72,1383],"9":[183,1455],"10":[1455,0],"11":[183,1273],"12":[0,0],"13":[7,66],"14":[73,73],"15":[66,0],"16":[0,0],"17":[1387,73],"18":[47,26],"19":[8,39],"20":[6,2],"21":[6,0],"22":[10,63],"23":[10,0],"24":[5,5],"25":[5,0],"26":[5,0]},"_coverageSchema":"43e27e138ebf9cfc5966b082cf9a028302ed4184","hash":"8722459541627973a3a61648b12793a5f6dfd754","contentHash":"996193039415c16297bec9798f96760e"},"/Users/chriscowell/Development/truffle/issues/develop/ganache-core/lib/subproviders/requestfunnel.js":{"path":"/Users/chriscowell/Development/truffle/issues/develop/ganache-core/lib/subproviders/requestfunnel.js","statementMap":{"0":{"start":{"line":1,"column":18},"end":{"line":1,"column":77}},"1":{"start":{"line":2,"column":15},"end":{"line":2,"column":39}},"2":{"start":{"line":4,"column":0},"end":{"line":4,"column":37}},"3":{"start":{"line":6,"column":0},"end":{"line":6,"column":31}},"4":{"start":{"line":13,"column":2},"end":{"line":25,"column":4}},"5":{"start":{"line":26,"column":2},"end":{"line":26,"column":18}},"6":{"start":{"line":27,"column":2},"end":{"line":27,"column":25}},"7":{"start":{"line":30,"column":0},"end":{"line":40,"column":2}},"8":{"start":{"line":31,"column":2},"end":{"line":33,"column":3}},"9":{"start":{"line":32,"column":4},"end":{"line":32,"column":18}},"10":{"start":{"line":35,"column":2},"end":{"line":35,"column":35}},"11":{"start":{"line":37,"column":2},"end":{"line":39,"column":3}},"12":{"start":{"line":38,"column":4},"end":{"line":38,"column":23}},"13":{"start":{"line":42,"column":0},"end":{"line":62,"column":2}},"14":{"start":{"line":43,"column":13},"end":{"line":43,"column":17}},"15":{"start":{"line":45,"column":2},"end":{"line":48,"column":3}},"16":{"start":{"line":46,"column":4},"end":{"line":46,"column":27}},"17":{"start":{"line":47,"column":4},"end":{"line":47,"column":11}},"18":{"start":{"line":50,"column":2},"end":{"line":50,"column":24}},"19":{"start":{"line":52,"column":13},"end":{"line":52,"column":31}},"20":{"start":{"line":53,"column":13},"end":{"line":53,"column":20}},"21":{"start":{"line":55,"column":2},"end":{"line":61,"column":5}},"22":{"start":{"line":56,"column":4},"end":{"line":58,"column":5}},"23":{"start":{"line":57,"column":6},"end":{"line":57,"column":23}},"24":{"start":{"line":59,"column":4},"end":{"line":59,"column":9}},"25":{"start":{"line":60,"column":4},"end":{"line":60,"column":23}}},"fnMap":{"0":{"name":"RequestFunnel","decl":{"start":{"line":11,"column":9},"end":{"line":11,"column":22}},"loc":{"start":{"line":11,"column":25},"end":{"line":28,"column":1}},"line":11},"1":{"name":"(anonymous_1)","decl":{"start":{"line":30,"column":40},"end":{"line":30,"column":41}},"loc":{"start":{"line":30,"column":69},"end":{"line":40,"column":1}},"line":30},"2":{"name":"(anonymous_2)","decl":{"start":{"line":42,"column":38},"end":{"line":42,"column":39}},"loc":{"start":{"line":42,"column":49},"end":{"line":62,"column":1}},"line":42},"3":{"name":"(anonymous_3)","decl":{"start":{"line":55,"column":7},"end":{"line":55,"column":8}},"loc":{"start":{"line":55,"column":36},"end":{"line":61,"column":3}},"line":55}},"branchMap":{"0":{"loc":{"start":{"line":31,"column":2},"end":{"line":33,"column":3}},"type":"if","locations":[{"start":{"line":31,"column":2},"end":{"line":33,"column":3}},{"start":{"line":31,"column":2},"end":{"line":33,"column":3}}],"line":31},"1":{"loc":{"start":{"line":31,"column":6},"end":{"line":31,"column":72}},"type":"binary-expr","locations":[{"start":{"line":31,"column":6},"end":{"line":31,"column":31}},{"start":{"line":31,"column":35},"end":{"line":31,"column":72}}],"line":31},"2":{"loc":{"start":{"line":37,"column":2},"end":{"line":39,"column":3}},"type":"if","locations":[{"start":{"line":37,"column":2},"end":{"line":39,"column":3}},{"start":{"line":37,"column":2},"end":{"line":39,"column":3}}],"line":37},"3":{"loc":{"start":{"line":45,"column":2},"end":{"line":48,"column":3}},"type":"if","locations":[{"start":{"line":45,"column":2},"end":{"line":48,"column":3}},{"start":{"line":45,"column":2},"end":{"line":48,"column":3}}],"line":45},"4":{"loc":{"start":{"line":56,"column":4},"end":{"line":58,"column":5}},"type":"if","locations":[{"start":{"line":56,"column":4},"end":{"line":58,"column":5}},{"start":{"line":56,"column":4},"end":{"line":58,"column":5}}],"line":56}},"s":{"0":1,"1":1,"2":1,"3":1,"4":75,"5":75,"6":75,"7":1,"8":1563,"9":1563,"10":0,"11":0,"12":0,"13":1,"14":0,"15":0,"16":0,"17":0,"18":0,"19":0,"20":0,"21":0,"22":0,"23":0,"24":0,"25":0},"f":{"0":75,"1":1563,"2":0,"3":0},"b":{"0":[1563,0],"1":[1563,0],"2":[0,0],"3":[0,0],"4":[0,0]},"_coverageSchema":"43e27e138ebf9cfc5966b082cf9a028302ed4184","hash":"c0807a6aa5cd4dfa726d5b003327aeaa0bec595f","contentHash":"808e9cbac93169a873f5e16ca5e05290"},"/Users/chriscowell/Development/truffle/issues/develop/ganache-core/lib/subproviders/delayedblockfilter.js":{"path":"/Users/chriscowell/Development/truffle/issues/develop/ganache-core/lib/subproviders/delayedblockfilter.js","statementMap":{"0":{"start":{"line":10,"column":18},"end":{"line":10,"column":77}},"1":{"start":{"line":11,"column":15},"end":{"line":11,"column":39}},"2":{"start":{"line":12,"column":12},"end":{"line":12,"column":28}},"3":{"start":{"line":13,"column":9},"end":{"line":13,"column":31}},"4":{"start":{"line":15,"column":0},"end":{"line":15,"column":42}},"5":{"start":{"line":17,"column":0},"end":{"line":17,"column":36}},"6":{"start":{"line":20,"column":2},"end":{"line":20,"column":21}},"7":{"start":{"line":23,"column":0},"end":{"line":32,"column":2}},"8":{"start":{"line":24,"column":2},"end":{"line":26,"column":3}},"9":{"start":{"line":25,"column":4},"end":{"line":25,"column":57}},"10":{"start":{"line":27,"column":2},"end":{"line":29,"column":3}},"11":{"start":{"line":28,"column":4},"end":{"line":28,"column":59}},"12":{"start":{"line":31,"column":2},"end":{"line":31,"column":9}},"13":{"start":{"line":34,"column":0},"end":{"line":45,"column":2}},"14":{"start":{"line":35,"column":13},"end":{"line":35,"column":17}},"15":{"start":{"line":38,"column":2},"end":{"line":44,"column":5}},"16":{"start":{"line":39,"column":4},"end":{"line":41,"column":5}},"17":{"start":{"line":40,"column":6},"end":{"line":40,"column":18}},"18":{"start":{"line":42,"column":4},"end":{"line":42,"column":33}},"19":{"start":{"line":43,"column":4},"end":{"line":43,"column":9}},"20":{"start":{"line":47,"column":0},"end":{"line":153,"column":2}},"21":{"start":{"line":48,"column":13},"end":{"line":48,"column":17}},"22":{"start":{"line":49,"column":17},"end":{"line":49,"column":34}},"23":{"start":{"line":51,"column":2},"end":{"line":53,"column":3}},"24":{"start":{"line":52,"column":4},"end":{"line":52,"column":18}},"25":{"start":{"line":56,"column":2},"end":{"line":152,"column":5}},"26":{"start":{"line":57,"column":4},"end":{"line":59,"column":5}},"27":{"start":{"line":58,"column":6},"end":{"line":58,"column":18}},"28":{"start":{"line":65,"column":4},"end":{"line":151,"column":6}},"29":{"start":{"line":69,"column":10},"end":{"line":86,"column":11}},"30":{"start":{"line":70,"column":12},"end":{"line":70,"column":41}},"31":{"start":{"line":71,"column":12},"end":{"line":71,"column":16}},"32":{"start":{"line":74,"column":12},"end":{"line":85,"column":14}},"33":{"start":{"line":79,"column":16},"end":{"line":81,"column":17}},"34":{"start":{"line":80,"column":18},"end":{"line":80,"column":32}},"35":{"start":{"line":82,"column":16},"end":{"line":82,"column":52}},"36":{"start":{"line":83,"column":16},"end":{"line":83,"column":20}},"37":{"start":{"line":91,"column":10},"end":{"line":93,"column":11}},"38":{"start":{"line":92,"column":12},"end":{"line":92,"column":23}},"39":{"start":{"line":96,"column":10},"end":{"line":108,"column":12}},"40":{"start":{"line":102,"column":14},"end":{"line":104,"column":15}},"41":{"start":{"line":103,"column":16},"end":{"line":103,"column":30}},"42":{"start":{"line":105,"column":14},"end":{"line":105,"column":57}},"43":{"start":{"line":106,"column":14},"end":{"line":106,"column":18}},"44":{"start":{"line":112,"column":10},"end":{"line":112,"column":47}},"45":{"start":{"line":113,"column":10},"end":{"line":116,"column":11}},"46":{"start":{"line":114,"column":12},"end":{"line":114,"column":42}},"47":{"start":{"line":115,"column":12},"end":{"line":115,"column":23}},"48":{"start":{"line":120,"column":10},"end":{"line":120,"column":40}},"49":{"start":{"line":121,"column":10},"end":{"line":133,"column":12}},"50":{"start":{"line":127,"column":14},"end":{"line":129,"column":15}},"51":{"start":{"line":128,"column":16},"end":{"line":128,"column":30}},"52":{"start":{"line":130,"column":14},"end":{"line":130,"column":50}},"53":{"start":{"line":131,"column":14},"end":{"line":131,"column":18}},"54":{"start":{"line":137,"column":8},"end":{"line":140,"column":9}},"55":{"start":{"line":144,"column":8},"end":{"line":146,"column":9}},"56":{"start":{"line":145,"column":10},"end":{"line":145,"column":40}},"57":{"start":{"line":148,"column":8},"end":{"line":148,"column":39}},"58":{"start":{"line":149,"column":8},"end":{"line":149,"column":13}}},"fnMap":{"0":{"name":"DelayedBlockFilter","decl":{"start":{"line":19,"column":9},"end":{"line":19,"column":27}},"loc":{"start":{"line":19,"column":30},"end":{"line":21,"column":1}},"line":19},"1":{"name":"(anonymous_1)","decl":{"start":{"line":23,"column":45},"end":{"line":23,"column":46}},"loc":{"start":{"line":23,"column":74},"end":{"line":32,"column":1}},"line":23},"2":{"name":"(anonymous_2)","decl":{"start":{"line":34,"column":52},"end":{"line":34,"column":53}},"loc":{"start":{"line":34,"column":81},"end":{"line":45,"column":1}},"line":34},"3":{"name":"(anonymous_3)","decl":{"start":{"line":38,"column":7},"end":{"line":38,"column":8}},"loc":{"start":{"line":38,"column":33},"end":{"line":44,"column":3}},"line":38},"4":{"name":"(anonymous_4)","decl":{"start":{"line":47,"column":54},"end":{"line":47,"column":55}},"loc":{"start":{"line":47,"column":83},"end":{"line":153,"column":1}},"line":47},"5":{"name":"(anonymous_5)","decl":{"start":{"line":56,"column":7},"end":{"line":56,"column":8}},"loc":{"start":{"line":56,"column":33},"end":{"line":152,"column":3}},"line":56},"6":{"name":"(anonymous_6)","decl":{"start":{"line":67,"column":8},"end":{"line":67,"column":9}},"loc":{"start":{"line":67,"column":20},"end":{"line":87,"column":9}},"line":67},"7":{"name":"(anonymous_7)","decl":{"start":{"line":78,"column":14},"end":{"line":78,"column":15}},"loc":{"start":{"line":78,"column":33},"end":{"line":84,"column":15}},"line":78},"8":{"name":"(anonymous_8)","decl":{"start":{"line":88,"column":8},"end":{"line":88,"column":9}},"loc":{"start":{"line":88,"column":20},"end":{"line":109,"column":9}},"line":88},"9":{"name":"(anonymous_9)","decl":{"start":{"line":101,"column":12},"end":{"line":101,"column":13}},"loc":{"start":{"line":101,"column":31},"end":{"line":107,"column":13}},"line":101},"10":{"name":"(anonymous_10)","decl":{"start":{"line":110,"column":8},"end":{"line":110,"column":9}},"loc":{"start":{"line":110,"column":20},"end":{"line":134,"column":9}},"line":110},"11":{"name":"(anonymous_11)","decl":{"start":{"line":126,"column":12},"end":{"line":126,"column":13}},"loc":{"start":{"line":126,"column":31},"end":{"line":132,"column":13}},"line":126},"12":{"name":"(anonymous_12)","decl":{"start":{"line":136,"column":6},"end":{"line":136,"column":7}},"loc":{"start":{"line":136,"column":20},"end":{"line":150,"column":7}},"line":136}},"branchMap":{"0":{"loc":{"start":{"line":24,"column":2},"end":{"line":26,"column":3}},"type":"if","locations":[{"start":{"line":24,"column":2},"end":{"line":26,"column":3}},{"start":{"line":24,"column":2},"end":{"line":26,"column":3}}],"line":24},"1":{"loc":{"start":{"line":27,"column":2},"end":{"line":29,"column":3}},"type":"if","locations":[{"start":{"line":27,"column":2},"end":{"line":29,"column":3}},{"start":{"line":27,"column":2},"end":{"line":29,"column":3}}],"line":27},"2":{"loc":{"start":{"line":39,"column":4},"end":{"line":41,"column":5}},"type":"if","locations":[{"start":{"line":39,"column":4},"end":{"line":41,"column":5}},{"start":{"line":39,"column":4},"end":{"line":41,"column":5}}],"line":39},"3":{"loc":{"start":{"line":51,"column":2},"end":{"line":53,"column":3}},"type":"if","locations":[{"start":{"line":51,"column":2},"end":{"line":53,"column":3}},{"start":{"line":51,"column":2},"end":{"line":53,"column":3}}],"line":51},"4":{"loc":{"start":{"line":57,"column":4},"end":{"line":59,"column":5}},"type":"if","locations":[{"start":{"line":57,"column":4},"end":{"line":59,"column":5}},{"start":{"line":57,"column":4},"end":{"line":59,"column":5}}],"line":57},"5":{"loc":{"start":{"line":69,"column":10},"end":{"line":86,"column":11}},"type":"if","locations":[{"start":{"line":69,"column":10},"end":{"line":86,"column":11}},{"start":{"line":69,"column":10},"end":{"line":86,"column":11}}],"line":69},"6":{"loc":{"start":{"line":79,"column":16},"end":{"line":81,"column":17}},"type":"if","locations":[{"start":{"line":79,"column":16},"end":{"line":81,"column":17}},{"start":{"line":79,"column":16},"end":{"line":81,"column":17}}],"line":79},"7":{"loc":{"start":{"line":91,"column":10},"end":{"line":93,"column":11}},"type":"if","locations":[{"start":{"line":91,"column":10},"end":{"line":93,"column":11}},{"start":{"line":91,"column":10},"end":{"line":93,"column":11}}],"line":91},"8":{"loc":{"start":{"line":102,"column":14},"end":{"line":104,"column":15}},"type":"if","locations":[{"start":{"line":102,"column":14},"end":{"line":104,"column":15}},{"start":{"line":102,"column":14},"end":{"line":104,"column":15}}],"line":102},"9":{"loc":{"start":{"line":113,"column":10},"end":{"line":116,"column":11}},"type":"if","locations":[{"start":{"line":113,"column":10},"end":{"line":116,"column":11}},{"start":{"line":113,"column":10},"end":{"line":116,"column":11}}],"line":113},"10":{"loc":{"start":{"line":127,"column":14},"end":{"line":129,"column":15}},"type":"if","locations":[{"start":{"line":127,"column":14},"end":{"line":129,"column":15}},{"start":{"line":127,"column":14},"end":{"line":129,"column":15}}],"line":127},"11":{"loc":{"start":{"line":137,"column":8},"end":{"line":140,"column":9}},"type":"if","locations":[{"start":{"line":137,"column":8},"end":{"line":140,"column":9}},{"start":{"line":137,"column":8},"end":{"line":140,"column":9}}],"line":137},"12":{"loc":{"start":{"line":144,"column":8},"end":{"line":146,"column":9}},"type":"if","locations":[{"start":{"line":144,"column":8},"end":{"line":146,"column":9}},{"start":{"line":144,"column":8},"end":{"line":146,"column":9}}],"line":144}},"s":{"0":1,"1":1,"2":1,"3":1,"4":1,"5":1,"6":75,"7":1,"8":1563,"9":0,"10":1563,"11":0,"12":1563,"13":1,"14":0,"15":0,"16":0,"17":0,"18":0,"19":0,"20":1,"21":0,"22":0,"23":0,"24":0,"25":0,"26":0,"27":0,"28":0,"29":0,"30":0,"31":0,"32":0,"33":0,"34":0,"35":0,"36":0,"37":0,"38":0,"39":0,"40":0,"41":0,"42":0,"43":0,"44":0,"45":0,"46":0,"47":0,"48":0,"49":0,"50":0,"51":0,"52":0,"53":0,"54":0,"55":0,"56":0,"57":0,"58":0},"f":{"0":75,"1":1563,"2":0,"3":0,"4":0,"5":0,"6":0,"7":0,"8":0,"9":0,"10":0,"11":0,"12":0},"b":{"0":[0,1563],"1":[0,1563],"2":[0,0],"3":[0,0],"4":[0,0],"5":[0,0],"6":[0,0],"7":[0,0],"8":[0,0],"9":[0,0],"10":[0,0],"11":[0,0],"12":[0,0]},"_coverageSchema":"43e27e138ebf9cfc5966b082cf9a028302ed4184","hash":"0e2002cc32764e8d3af7c773e51dd1f2648997b4","contentHash":"62f49db71cb26b6d82de678d58edfec1"},"/Users/chriscowell/Development/truffle/issues/develop/ganache-core/lib/utils/to.js":{"path":"/Users/chriscowell/Development/truffle/issues/develop/ganache-core/lib/utils/to.js","statementMap":{"0":{"start":{"line":1,"column":12},"end":{"line":1,"column":38}},"1":{"start":{"line":3,"column":0},"end":{"line":114,"column":2}},"2":{"start":{"line":6,"column":4},"end":{"line":16,"column":5}},"3":{"start":{"line":8,"column":6},"end":{"line":8,"column":59}},"4":{"start":{"line":9,"column":11},"end":{"line":16,"column":5}},"5":{"start":{"line":12,"column":6},"end":{"line":12,"column":17}},"6":{"start":{"line":15,"column":6},"end":{"line":15,"column":30}},"7":{"start":{"line":17,"column":4},"end":{"line":17,"column":16}},"8":{"start":{"line":21,"column":4},"end":{"line":27,"column":5}},"9":{"start":{"line":22,"column":6},"end":{"line":26,"column":7}},"10":{"start":{"line":23,"column":8},"end":{"line":23,"column":26}},"11":{"start":{"line":25,"column":8},"end":{"line":25,"column":32}},"12":{"start":{"line":29,"column":4},"end":{"line":31,"column":5}},"13":{"start":{"line":30,"column":6},"end":{"line":30,"column":24}},"14":{"start":{"line":33,"column":4},"end":{"line":41,"column":5}},"15":{"start":{"line":34,"column":6},"end":{"line":34,"column":32}},"16":{"start":{"line":35,"column":11},"end":{"line":41,"column":5}},"17":{"start":{"line":36,"column":6},"end":{"line":36,"column":18}},"18":{"start":{"line":37,"column":11},"end":{"line":41,"column":5}},"19":{"start":{"line":40,"column":6},"end":{"line":40,"column":32}},"20":{"start":{"line":43,"column":4},"end":{"line":43,"column":35}},"21":{"start":{"line":47,"column":4},"end":{"line":47,"column":24}},"22":{"start":{"line":50,"column":4},"end":{"line":50,"column":54}},"23":{"start":{"line":51,"column":4},"end":{"line":51,"column":15}},"24":{"start":{"line":55,"column":4},"end":{"line":55,"column":42}},"25":{"start":{"line":58,"column":4},"end":{"line":60,"column":5}},"26":{"start":{"line":59,"column":6},"end":{"line":59,"column":18}},"27":{"start":{"line":62,"column":4},"end":{"line":62,"column":15}},"28":{"start":{"line":66,"column":4},"end":{"line":79,"column":5}},"29":{"start":{"line":67,"column":6},"end":{"line":67,"column":44}},"30":{"start":{"line":69,"column":6},"end":{"line":69,"column":68}},"31":{"start":{"line":71,"column":6},"end":{"line":73,"column":7}},"32":{"start":{"line":72,"column":8},"end":{"line":72,"column":20}},"33":{"start":{"line":74,"column":6},"end":{"line":74,"column":44}},"34":{"start":{"line":76,"column":6},"end":{"line":78,"column":7}},"35":{"start":{"line":77,"column":8},"end":{"line":77,"column":24}},"36":{"start":{"line":80,"column":4},"end":{"line":80,"column":22}},"37":{"start":{"line":84,"column":23},"end":{"line":84,"column":57}},"38":{"start":{"line":85,"column":4},"end":{"line":85,"column":51}},"39":{"start":{"line":89,"column":27},"end":{"line":89,"column":58}},"40":{"start":{"line":90,"column":4},"end":{"line":90,"column":59}},"41":{"start":{"line":94,"column":4},"end":{"line":94,"column":24}},"42":{"start":{"line":95,"column":19},"end":{"line":95,"column":40}},"43":{"start":{"line":96,"column":4},"end":{"line":98,"column":5}},"44":{"start":{"line":97,"column":6},"end":{"line":97,"column":28}},"45":{"start":{"line":99,"column":4},"end":{"line":99,"column":15}},"46":{"start":{"line":103,"column":4},"end":{"line":105,"column":5}},"47":{"start":{"line":104,"column":6},"end":{"line":104,"column":17}},"48":{"start":{"line":106,"column":4},"end":{"line":110,"column":5}},"49":{"start":{"line":107,"column":6},"end":{"line":109,"column":7}},"50":{"start":{"line":108,"column":8},"end":{"line":108,"column":33}},"51":{"start":{"line":111,"column":17},"end":{"line":111,"column":36}},"52":{"start":{"line":112,"column":4},"end":{"line":112,"column":37}}},"fnMap":{"0":{"name":"(anonymous_0)","decl":{"start":{"line":4,"column":10},"end":{"line":4,"column":11}},"loc":{"start":{"line":4,"column":24},"end":{"line":18,"column":3}},"line":4},"1":{"name":"(anonymous_1)","decl":{"start":{"line":20,"column":7},"end":{"line":20,"column":8}},"loc":{"start":{"line":20,"column":21},"end":{"line":44,"column":3}},"line":20},"2":{"name":"(anonymous_2)","decl":{"start":{"line":46,"column":25},"end":{"line":46,"column":26}},"loc":{"start":{"line":46,"column":39},"end":{"line":52,"column":3}},"line":46},"3":{"name":"(anonymous_3)","decl":{"start":{"line":54,"column":24},"end":{"line":54,"column":25}},"loc":{"start":{"line":54,"column":38},"end":{"line":63,"column":3}},"line":54},"4":{"name":"(anonymous_4)","decl":{"start":{"line":65,"column":20},"end":{"line":65,"column":21}},"loc":{"start":{"line":65,"column":42},"end":{"line":81,"column":3}},"line":65},"5":{"name":"(anonymous_5)","decl":{"start":{"line":83,"column":28},"end":{"line":83,"column":29}},"loc":{"start":{"line":83,"column":50},"end":{"line":86,"column":3}},"line":83},"6":{"name":"(anonymous_6)","decl":{"start":{"line":88,"column":32},"end":{"line":88,"column":33}},"loc":{"start":{"line":88,"column":46},"end":{"line":91,"column":3}},"line":88},"7":{"name":"(anonymous_7)","decl":{"start":{"line":93,"column":22},"end":{"line":93,"column":23}},"loc":{"start":{"line":93,"column":36},"end":{"line":100,"column":3}},"line":93},"8":{"name":"(anonymous_8)","decl":{"start":{"line":102,"column":10},"end":{"line":102,"column":11}},"loc":{"start":{"line":102,"column":24},"end":{"line":113,"column":3}},"line":102}},"branchMap":{"0":{"loc":{"start":{"line":6,"column":4},"end":{"line":16,"column":5}},"type":"if","locations":[{"start":{"line":6,"column":4},"end":{"line":16,"column":5}},{"start":{"line":6,"column":4},"end":{"line":16,"column":5}}],"line":6},"1":{"loc":{"start":{"line":9,"column":11},"end":{"line":16,"column":5}},"type":"if","locations":[{"start":{"line":9,"column":11},"end":{"line":16,"column":5}},{"start":{"line":9,"column":11},"end":{"line":16,"column":5}}],"line":9},"2":{"loc":{"start":{"line":21,"column":4},"end":{"line":27,"column":5}},"type":"if","locations":[{"start":{"line":21,"column":4},"end":{"line":27,"column":5}},{"start":{"line":21,"column":4},"end":{"line":27,"column":5}}],"line":21},"3":{"loc":{"start":{"line":22,"column":6},"end":{"line":26,"column":7}},"type":"if","locations":[{"start":{"line":22,"column":6},"end":{"line":26,"column":7}},{"start":{"line":22,"column":6},"end":{"line":26,"column":7}}],"line":22},"4":{"loc":{"start":{"line":29,"column":4},"end":{"line":31,"column":5}},"type":"if","locations":[{"start":{"line":29,"column":4},"end":{"line":31,"column":5}},{"start":{"line":29,"column":4},"end":{"line":31,"column":5}}],"line":29},"5":{"loc":{"start":{"line":30,"column":12},"end":{"line":30,"column":23}},"type":"cond-expr","locations":[{"start":{"line":30,"column":18},"end":{"line":30,"column":19}},{"start":{"line":30,"column":22},"end":{"line":30,"column":23}}],"line":30},"6":{"loc":{"start":{"line":33,"column":4},"end":{"line":41,"column":5}},"type":"if","locations":[{"start":{"line":33,"column":4},"end":{"line":41,"column":5}},{"start":{"line":33,"column":4},"end":{"line":41,"column":5}}],"line":33},"7":{"loc":{"start":{"line":35,"column":11},"end":{"line":41,"column":5}},"type":"if","locations":[{"start":{"line":35,"column":11},"end":{"line":41,"column":5}},{"start":{"line":35,"column":11},"end":{"line":41,"column":5}}],"line":35},"8":{"loc":{"start":{"line":37,"column":11},"end":{"line":41,"column":5}},"type":"if","locations":[{"start":{"line":37,"column":11},"end":{"line":41,"column":5}},{"start":{"line":37,"column":11},"end":{"line":41,"column":5}}],"line":37},"9":{"loc":{"start":{"line":58,"column":4},"end":{"line":60,"column":5}},"type":"if","locations":[{"start":{"line":58,"column":4},"end":{"line":60,"column":5}},{"start":{"line":58,"column":4},"end":{"line":60,"column":5}}],"line":58},"10":{"loc":{"start":{"line":66,"column":4},"end":{"line":79,"column":5}},"type":"if","locations":[{"start":{"line":66,"column":4},"end":{"line":79,"column":5}},{"start":{"line":66,"column":4},"end":{"line":79,"column":5}}],"line":66},"11":{"loc":{"start":{"line":71,"column":6},"end":{"line":73,"column":7}},"type":"if","locations":[{"start":{"line":71,"column":6},"end":{"line":73,"column":7}},{"start":{"line":71,"column":6},"end":{"line":73,"column":7}}],"line":71},"12":{"loc":{"start":{"line":76,"column":6},"end":{"line":78,"column":7}},"type":"if","locations":[{"start":{"line":76,"column":6},"end":{"line":78,"column":7}},{"start":{"line":76,"column":6},"end":{"line":78,"column":7}}],"line":76},"13":{"loc":{"start":{"line":85,"column":11},"end":{"line":85,"column":50}},"type":"cond-expr","locations":[{"start":{"line":85,"column":33},"end":{"line":85,"column":37}},{"start":{"line":85,"column":40},"end":{"line":85,"column":50}}],"line":85},"14":{"loc":{"start":{"line":90,"column":11},"end":{"line":90,"column":58}},"type":"cond-expr","locations":[{"start":{"line":90,"column":37},"end":{"line":90,"column":41}},{"start":{"line":90,"column":44},"end":{"line":90,"column":58}}],"line":90},"15":{"loc":{"start":{"line":96,"column":4},"end":{"line":98,"column":5}},"type":"if","locations":[{"start":{"line":96,"column":4},"end":{"line":98,"column":5}},{"start":{"line":96,"column":4},"end":{"line":98,"column":5}}],"line":96},"16":{"loc":{"start":{"line":103,"column":4},"end":{"line":105,"column":5}},"type":"if","locations":[{"start":{"line":103,"column":4},"end":{"line":105,"column":5}},{"start":{"line":103,"column":4},"end":{"line":105,"column":5}}],"line":103},"17":{"loc":{"start":{"line":106,"column":4},"end":{"line":110,"column":5}},"type":"if","locations":[{"start":{"line":106,"column":4},"end":{"line":110,"column":5}},{"start":{"line":106,"column":4},"end":{"line":110,"column":5}}],"line":106},"18":{"loc":{"start":{"line":107,"column":6},"end":{"line":109,"column":7}},"type":"if","locations":[{"start":{"line":107,"column":6},"end":{"line":109,"column":7}},{"start":{"line":107,"column":6},"end":{"line":109,"column":7}}],"line":107}},"s":{"0":1,"1":1,"2":1437,"3":1416,"4":21,"5":7,"6":14,"7":1437,"8":60216,"9":13913,"10":13813,"11":100,"12":46403,"13":1,"14":46403,"15":3193,"16":43210,"17":694,"18":42516,"19":42516,"20":45709,"21":9649,"22":9649,"23":9649,"24":7313,"25":7313,"26":1311,"27":7313,"28":9713,"29":587,"30":587,"31":9126,"32":896,"33":8230,"34":8230,"35":0,"36":8817,"37":3197,"38":3197,"39":2336,"40":2336,"41":6,"42":6,"43":6,"44":0,"45":6,"46":3005,"47":20,"48":2985,"49":1499,"50":4,"51":2981,"52":2981},"f":{"0":1437,"1":60216,"2":9649,"3":7313,"4":9713,"5":3197,"6":2336,"7":6,"8":3005},"b":{"0":[1416,21],"1":[7,14],"2":[13913,46303],"3":[13813,100],"4":[1,46402],"5":[1,0],"6":[3193,43210],"7":[694,42516],"8":[42516,0],"9":[1311,6002],"10":[587,9126],"11":[896,8230],"12":[0,8230],"13":[358,2839],"14":[44,2292],"15":[0,6],"16":[20,2985],"17":[1499,1486],"18":[4,1495]},"_coverageSchema":"43e27e138ebf9cfc5966b082cf9a028302ed4184","hash":"670c836e979a7a54111060939c79f66a6982f14d","contentHash":"9b39a81b29220b33c494698b6279a574"},"/Users/chriscowell/Development/truffle/issues/develop/ganache-core/lib/subproviders/gethdefaults.js":{"path":"/Users/chriscowell/Development/truffle/issues/develop/ganache-core/lib/subproviders/gethdefaults.js","statementMap":{"0":{"start":{"line":1,"column":18},"end":{"line":1,"column":77}},"1":{"start":{"line":2,"column":15},"end":{"line":2,"column":39}},"2":{"start":{"line":4,"column":0},"end":{"line":4,"column":36}},"3":{"start":{"line":6,"column":0},"end":{"line":6,"column":30}},"4":{"start":{"line":13,"column":0},"end":{"line":39,"column":2}},"5":{"start":{"line":14,"column":2},"end":{"line":16,"column":3}},"6":{"start":{"line":15,"column":4},"end":{"line":15,"column":18}},"7":{"start":{"line":18,"column":15},"end":{"line":18,"column":32}},"8":{"start":{"line":20,"column":2},"end":{"line":38,"column":3}},"9":{"start":{"line":21,"column":4},"end":{"line":35,"column":6}},"10":{"start":{"line":26,"column":8},"end":{"line":28,"column":9}},"11":{"start":{"line":27,"column":10},"end":{"line":27,"column":26}},"12":{"start":{"line":30,"column":23},"end":{"line":30,"column":36}},"13":{"start":{"line":32,"column":8},"end":{"line":32,"column":31}},"14":{"start":{"line":33,"column":8},"end":{"line":33,"column":15}},"15":{"start":{"line":37,"column":4},"end":{"line":37,"column":11}}},"fnMap":{"0":{"name":"GethDefaults","decl":{"start":{"line":8,"column":9},"end":{"line":8,"column":21}},"loc":{"start":{"line":8,"column":24},"end":{"line":8,"column":26}},"line":8},"1":{"name":"(anonymous_1)","decl":{"start":{"line":13,"column":39},"end":{"line":13,"column":40}},"loc":{"start":{"line":13,"column":68},"end":{"line":39,"column":1}},"line":13},"2":{"name":"(anonymous_2)","decl":{"start":{"line":25,"column":6},"end":{"line":25,"column":7}},"loc":{"start":{"line":25,"column":28},"end":{"line":34,"column":7}},"line":25}},"branchMap":{"0":{"loc":{"start":{"line":14,"column":2},"end":{"line":16,"column":3}},"type":"if","locations":[{"start":{"line":14,"column":2},"end":{"line":16,"column":3}},{"start":{"line":14,"column":2},"end":{"line":16,"column":3}}],"line":14},"1":{"loc":{"start":{"line":14,"column":6},"end":{"line":14,"column":75}},"type":"binary-expr","locations":[{"start":{"line":14,"column":6},"end":{"line":14,"column":42}},{"start":{"line":14,"column":46},"end":{"line":14,"column":75}}],"line":14},"2":{"loc":{"start":{"line":20,"column":2},"end":{"line":38,"column":3}},"type":"if","locations":[{"start":{"line":20,"column":2},"end":{"line":38,"column":3}},{"start":{"line":20,"column":2},"end":{"line":38,"column":3}}],"line":20},"3":{"loc":{"start":{"line":26,"column":8},"end":{"line":28,"column":9}},"type":"if","locations":[{"start":{"line":26,"column":8},"end":{"line":28,"column":9}},{"start":{"line":26,"column":8},"end":{"line":28,"column":9}}],"line":26}},"s":{"0":1,"1":1,"2":1,"3":1,"4":1,"5":1514,"6":1432,"7":82,"8":82,"9":20,"10":20,"11":0,"12":20,"13":20,"14":20,"15":62},"f":{"0":75,"1":1514,"2":20},"b":{"0":[1432,82],"1":[1514,1494],"2":[20,62],"3":[0,20]},"_coverageSchema":"43e27e138ebf9cfc5966b082cf9a028302ed4184","hash":"e961f5ac02b3062a46b9fb1cb7a7d247939b994d","contentHash":"59ffcf911a596df9ddbf6c401e58f85f"},"/Users/chriscowell/Development/truffle/issues/develop/ganache-core/lib/subproviders/geth_api_double.js":{"path":"/Users/chriscowell/Development/truffle/issues/develop/ganache-core/lib/subproviders/geth_api_double.js","statementMap":{"0":{"start":{"line":1,"column":12},"end":{"line":1,"column":38}},"1":{"start":{"line":2,"column":15},"end":{"line":2,"column":39}},"2":{"start":{"line":3,"column":19},"end":{"line":3,"column":48}},"3":{"start":{"line":4,"column":9},"end":{"line":4,"column":31}},"4":{"start":{"line":5,"column":22},"end":{"line":5,"column":57}},"5":{"start":{"line":7,"column":18},"end":{"line":7,"column":50}},"6":{"start":{"line":8,"column":10},"end":{"line":8,"column":39}},"7":{"start":{"line":9,"column":33},"end":{"line":9,"column":64}},"8":{"start":{"line":11,"column":18},"end":{"line":11,"column":77}},"9":{"start":{"line":13,"column":0},"end":{"line":13,"column":37}},"10":{"start":{"line":16,"column":13},"end":{"line":16,"column":17}},"11":{"start":{"line":18,"column":2},"end":{"line":18,"column":68}},"12":{"start":{"line":19,"column":2},"end":{"line":19,"column":25}},"13":{"start":{"line":20,"column":2},"end":{"line":20,"column":27}},"14":{"start":{"line":22,"column":2},"end":{"line":22,"column":35}},"15":{"start":{"line":23,"column":2},"end":{"line":23,"column":42}},"16":{"start":{"line":25,"column":2},"end":{"line":39,"column":5}},"17":{"start":{"line":26,"column":4},"end":{"line":28,"column":5}},"18":{"start":{"line":27,"column":6},"end":{"line":27,"column":38}},"19":{"start":{"line":29,"column":4},"end":{"line":29,"column":28}},"20":{"start":{"line":31,"column":20},"end":{"line":31,"column":54}},"21":{"start":{"line":32,"column":4},"end":{"line":32,"column":44}},"22":{"start":{"line":34,"column":4},"end":{"line":38,"column":7}},"23":{"start":{"line":35,"column":6},"end":{"line":37,"column":9}},"24":{"start":{"line":36,"column":8},"end":{"line":36,"column":56}},"25":{"start":{"line":42,"column":0},"end":{"line":49,"column":2}},"26":{"start":{"line":43,"column":13},"end":{"line":43,"column":17}},"27":{"start":{"line":44,"column":2},"end":{"line":48,"column":3}},"28":{"start":{"line":45,"column":4},"end":{"line":45,"column":54}},"29":{"start":{"line":47,"column":4},"end":{"line":47,"column":52}},"30":{"start":{"line":52,"column":0},"end":{"line":107,"column":2}},"31":{"start":{"line":53,"column":13},"end":{"line":53,"column":17}},"32":{"start":{"line":55,"column":2},"end":{"line":57,"column":3}},"33":{"start":{"line":56,"column":4},"end":{"line":56,"column":42}},"34":{"start":{"line":59,"column":2},"end":{"line":62,"column":3}},"35":{"start":{"line":60,"column":4},"end":{"line":60,"column":75}},"36":{"start":{"line":61,"column":4},"end":{"line":61,"column":11}},"37":{"start":{"line":64,"column":15},"end":{"line":64,"column":35}},"38":{"start":{"line":66,"column":2},"end":{"line":68,"column":3}},"39":{"start":{"line":67,"column":4},"end":{"line":67,"column":74}},"40":{"start":{"line":70,"column":15},"end":{"line":70,"column":35}},"41":{"start":{"line":71,"column":13},"end":{"line":71,"column":30}},"42":{"start":{"line":73,"column":24},"end":{"line":73,"column":29}},"43":{"start":{"line":75,"column":2},"end":{"line":78,"column":3}},"44":{"start":{"line":76,"column":4},"end":{"line":76,"column":24}},"45":{"start":{"line":77,"column":4},"end":{"line":77,"column":27}},"46":{"start":{"line":80,"column":2},"end":{"line":80,"column":17}},"47":{"start":{"line":83,"column":2},"end":{"line":104,"column":3}},"48":{"start":{"line":88,"column":23},"end":{"line":88,"column":92}},"49":{"start":{"line":89,"column":4},"end":{"line":93,"column":5}},"50":{"start":{"line":90,"column":6},"end":{"line":90,"column":93}},"51":{"start":{"line":92,"column":6},"end":{"line":92,"column":65}},"52":{"start":{"line":95,"column":4},"end":{"line":100,"column":5}},"53":{"start":{"line":96,"column":6},"end":{"line":96,"column":65}},"54":{"start":{"line":99,"column":6},"end":{"line":99,"column":26}},"55":{"start":{"line":101,"column":4},"end":{"line":101,"column":94}},"56":{"start":{"line":103,"column":4},"end":{"line":103,"column":40}},"57":{"start":{"line":106,"column":2},"end":{"line":106,"column":27}},"58":{"start":{"line":109,"column":0},"end":{"line":117,"column":2}},"59":{"start":{"line":110,"column":13},"end":{"line":110,"column":17}},"60":{"start":{"line":111,"column":2},"end":{"line":116,"column":4}},"61":{"start":{"line":112,"column":4},"end":{"line":114,"column":5}},"62":{"start":{"line":113,"column":6},"end":{"line":113,"column":15}},"63":{"start":{"line":115,"column":4},"end":{"line":115,"column":43}},"64":{"start":{"line":119,"column":0},"end":{"line":131,"column":2}},"65":{"start":{"line":121,"column":16},"end":{"line":128,"column":3}},"66":{"start":{"line":130,"column":2},"end":{"line":130,"column":34}},"67":{"start":{"line":135,"column":0},"end":{"line":137,"column":2}},"68":{"start":{"line":136,"column":2},"end":{"line":136,"column":51}},"69":{"start":{"line":139,"column":0},"end":{"line":146,"column":2}},"70":{"start":{"line":140,"column":2},"end":{"line":145,"column":5}},"71":{"start":{"line":141,"column":4},"end":{"line":143,"column":5}},"72":{"start":{"line":142,"column":6},"end":{"line":142,"column":27}},"73":{"start":{"line":144,"column":4},"end":{"line":144,"column":35}},"74":{"start":{"line":148,"column":0},"end":{"line":150,"column":2}},"75":{"start":{"line":149,"column":2},"end":{"line":149,"column":38}},"76":{"start":{"line":152,"column":0},"end":{"line":154,"column":2}},"77":{"start":{"line":153,"column":2},"end":{"line":153,"column":39}},"78":{"start":{"line":156,"column":0},"end":{"line":158,"column":2}},"79":{"start":{"line":157,"column":2},"end":{"line":157,"column":24}},"80":{"start":{"line":160,"column":0},"end":{"line":162,"column":2}},"81":{"start":{"line":161,"column":2},"end":{"line":161,"column":60}},"82":{"start":{"line":164,"column":0},"end":{"line":166,"column":2}},"83":{"start":{"line":165,"column":2},"end":{"line":165,"column":56}},"84":{"start":{"line":168,"column":0},"end":{"line":170,"column":2}},"85":{"start":{"line":169,"column":2},"end":{"line":169,"column":53}},"86":{"start":{"line":172,"column":0},"end":{"line":184,"column":2}},"87":{"start":{"line":173,"column":2},"end":{"line":183,"column":5}},"88":{"start":{"line":174,"column":4},"end":{"line":180,"column":5}},"89":{"start":{"line":175,"column":6},"end":{"line":179,"column":7}},"90":{"start":{"line":176,"column":8},"end":{"line":176,"column":36}},"91":{"start":{"line":178,"column":8},"end":{"line":178,"column":29}},"92":{"start":{"line":182,"column":4},"end":{"line":182,"column":71}},"93":{"start":{"line":186,"column":0},"end":{"line":188,"column":2}},"94":{"start":{"line":187,"column":2},"end":{"line":187,"column":51}},"95":{"start":{"line":190,"column":0},"end":{"line":201,"column":2}},"96":{"start":{"line":191,"column":2},"end":{"line":200,"column":5}},"97":{"start":{"line":192,"column":4},"end":{"line":198,"column":5}},"98":{"start":{"line":193,"column":6},"end":{"line":196,"column":7}},"99":{"start":{"line":195,"column":8},"end":{"line":195,"column":33}},"100":{"start":{"line":197,"column":6},"end":{"line":197,"column":27}},"101":{"start":{"line":199,"column":4},"end":{"line":199,"column":46}},"102":{"start":{"line":203,"column":0},"end":{"line":205,"column":2}},"103":{"start":{"line":204,"column":2},"end":{"line":204,"column":67}},"104":{"start":{"line":207,"column":0},"end":{"line":220,"column":2}},"105":{"start":{"line":208,"column":2},"end":{"line":219,"column":5}},"106":{"start":{"line":209,"column":4},"end":{"line":211,"column":5}},"107":{"start":{"line":210,"column":6},"end":{"line":210,"column":27}},"108":{"start":{"line":213,"column":17},"end":{"line":213,"column":21}},"109":{"start":{"line":215,"column":4},"end":{"line":217,"column":5}},"110":{"start":{"line":216,"column":6},"end":{"line":216,"column":32}},"111":{"start":{"line":218,"column":4},"end":{"line":218,"column":27}},"112":{"start":{"line":222,"column":0},"end":{"line":236,"column":2}},"113":{"start":{"line":223,"column":2},"end":{"line":235,"column":5}},"114":{"start":{"line":224,"column":4},"end":{"line":226,"column":5}},"115":{"start":{"line":225,"column":6},"end":{"line":225,"column":27}},"116":{"start":{"line":228,"column":17},"end":{"line":228,"column":21}},"117":{"start":{"line":230,"column":4},"end":{"line":232,"column":5}},"118":{"start":{"line":231,"column":6},"end":{"line":231,"column":51}},"119":{"start":{"line":234,"column":4},"end":{"line":234,"column":27}},"120":{"start":{"line":238,"column":0},"end":{"line":260,"column":2}},"121":{"start":{"line":239,"column":2},"end":{"line":239,"column":27}},"122":{"start":{"line":241,"column":2},"end":{"line":259,"column":5}},"123":{"start":{"line":242,"column":4},"end":{"line":249,"column":5}},"124":{"start":{"line":244,"column":6},"end":{"line":248,"column":7}},"125":{"start":{"line":245,"column":8},"end":{"line":245,"column":36}},"126":{"start":{"line":247,"column":8},"end":{"line":247,"column":29}},"127":{"start":{"line":251,"column":4},"end":{"line":253,"column":5}},"128":{"start":{"line":252,"column":6},"end":{"line":252,"column":104}},"129":{"start":{"line":255,"column":13},"end":{"line":255,"column":38}},"130":{"start":{"line":256,"column":17},"end":{"line":256,"column":36}},"131":{"start":{"line":258,"column":4},"end":{"line":258,"column":27}},"132":{"start":{"line":262,"column":0},"end":{"line":264,"column":2}},"133":{"start":{"line":263,"column":2},"end":{"line":263,"column":76}},"134":{"start":{"line":266,"column":0},"end":{"line":273,"column":2}},"135":{"start":{"line":267,"column":2},"end":{"line":272,"column":5}},"136":{"start":{"line":268,"column":4},"end":{"line":270,"column":5}},"137":{"start":{"line":269,"column":6},"end":{"line":269,"column":46}},"138":{"start":{"line":271,"column":4},"end":{"line":271,"column":32}},"139":{"start":{"line":275,"column":0},"end":{"line":286,"column":2}},"140":{"start":{"line":279,"column":2},"end":{"line":283,"column":3}},"141":{"start":{"line":280,"column":4},"end":{"line":280,"column":50}},"142":{"start":{"line":282,"column":4},"end":{"line":282,"column":14}},"143":{"start":{"line":285,"column":2},"end":{"line":285,"column":26}},"144":{"start":{"line":288,"column":0},"end":{"line":299,"column":2}},"145":{"start":{"line":292,"column":2},"end":{"line":296,"column":3}},"146":{"start":{"line":293,"column":4},"end":{"line":293,"column":64}},"147":{"start":{"line":295,"column":4},"end":{"line":295,"column":14}},"148":{"start":{"line":298,"column":2},"end":{"line":298,"column":26}},"149":{"start":{"line":301,"column":0},"end":{"line":303,"column":2}},"150":{"start":{"line":302,"column":2},"end":{"line":302,"column":77}},"151":{"start":{"line":305,"column":0},"end":{"line":316,"column":2}},"152":{"start":{"line":307,"column":2},"end":{"line":309,"column":3}},"153":{"start":{"line":308,"column":4},"end":{"line":308,"column":28}},"154":{"start":{"line":311,"column":2},"end":{"line":313,"column":3}},"155":{"start":{"line":312,"column":4},"end":{"line":312,"column":89}},"156":{"start":{"line":315,"column":2},"end":{"line":315,"column":49}},"157":{"start":{"line":318,"column":0},"end":{"line":324,"column":2}},"158":{"start":{"line":319,"column":2},"end":{"line":321,"column":3}},"159":{"start":{"line":320,"column":4},"end":{"line":320,"column":53}},"160":{"start":{"line":323,"column":2},"end":{"line":323,"column":73}},"161":{"start":{"line":326,"column":0},"end":{"line":331,"column":2}},"162":{"start":{"line":327,"column":2},"end":{"line":329,"column":3}},"163":{"start":{"line":328,"column":4},"end":{"line":328,"column":53}},"164":{"start":{"line":330,"column":2},"end":{"line":330,"column":80}},"165":{"start":{"line":333,"column":0},"end":{"line":335,"column":2}},"166":{"start":{"line":334,"column":2},"end":{"line":334,"column":68}},"167":{"start":{"line":337,"column":0},"end":{"line":341,"column":2}},"168":{"start":{"line":338,"column":17},"end":{"line":338,"column":78}},"169":{"start":{"line":339,"column":2},"end":{"line":339,"column":33}},"170":{"start":{"line":340,"column":2},"end":{"line":340,"column":27}},"171":{"start":{"line":343,"column":0},"end":{"line":351,"column":2}},"172":{"start":{"line":344,"column":18},"end":{"line":347,"column":20}},"173":{"start":{"line":349,"column":2},"end":{"line":349,"column":20}},"174":{"start":{"line":350,"column":2},"end":{"line":350,"column":30}},"175":{"start":{"line":353,"column":0},"end":{"line":355,"column":2}},"176":{"start":{"line":354,"column":2},"end":{"line":354,"column":39}},"177":{"start":{"line":357,"column":0},"end":{"line":359,"column":2}},"178":{"start":{"line":358,"column":2},"end":{"line":358,"column":23}},"179":{"start":{"line":361,"column":0},"end":{"line":363,"column":2}},"180":{"start":{"line":362,"column":2},"end":{"line":362,"column":23}},"181":{"start":{"line":365,"column":0},"end":{"line":367,"column":2}},"182":{"start":{"line":366,"column":2},"end":{"line":366,"column":21}},"183":{"start":{"line":369,"column":0},"end":{"line":371,"column":2}},"184":{"start":{"line":370,"column":2},"end":{"line":370,"column":21}},"185":{"start":{"line":373,"column":0},"end":{"line":375,"column":2}},"186":{"start":{"line":374,"column":2},"end":{"line":374,"column":22}},"187":{"start":{"line":377,"column":0},"end":{"line":379,"column":2}},"188":{"start":{"line":378,"column":2},"end":{"line":378,"column":21}},"189":{"start":{"line":381,"column":0},"end":{"line":383,"column":2}},"190":{"start":{"line":382,"column":2},"end":{"line":382,"column":24}},"191":{"start":{"line":385,"column":0},"end":{"line":387,"column":2}},"192":{"start":{"line":386,"column":2},"end":{"line":386,"column":23}},"193":{"start":{"line":389,"column":0},"end":{"line":391,"column":2}},"194":{"start":{"line":390,"column":2},"end":{"line":390,"column":20}},"195":{"start":{"line":393,"column":0},"end":{"line":395,"column":2}},"196":{"start":{"line":394,"column":2},"end":{"line":394,"column":72}},"197":{"start":{"line":397,"column":0},"end":{"line":399,"column":2}},"198":{"start":{"line":398,"column":2},"end":{"line":398,"column":45}},"199":{"start":{"line":401,"column":0},"end":{"line":404,"column":2}},"200":{"start":{"line":403,"column":2},"end":{"line":403,"column":46}},"201":{"start":{"line":406,"column":0},"end":{"line":415,"column":2}},"202":{"start":{"line":407,"column":2},"end":{"line":410,"column":3}},"203":{"start":{"line":408,"column":4},"end":{"line":408,"column":23}},"204":{"start":{"line":409,"column":4},"end":{"line":409,"column":19}},"205":{"start":{"line":412,"column":2},"end":{"line":414,"column":5}},"206":{"start":{"line":413,"column":4},"end":{"line":413,"column":24}},"207":{"start":{"line":418,"column":0},"end":{"line":418,"column":50}},"208":{"start":{"line":420,"column":0},"end":{"line":424,"column":2}},"209":{"start":{"line":421,"column":2},"end":{"line":423,"column":5}},"210":{"start":{"line":422,"column":4},"end":{"line":422,"column":24}},"211":{"start":{"line":426,"column":0},"end":{"line":429,"column":2}},"212":{"start":{"line":428,"column":2},"end":{"line":428,"column":99}},"213":{"start":{"line":431,"column":0},"end":{"line":433,"column":2}},"214":{"start":{"line":432,"column":2},"end":{"line":432,"column":60}},"215":{"start":{"line":435,"column":0},"end":{"line":441,"column":2}},"216":{"start":{"line":436,"column":16},"end":{"line":436,"column":60}},"217":{"start":{"line":437,"column":2},"end":{"line":437,"column":63}},"218":{"start":{"line":438,"column":2},"end":{"line":438,"column":69}},"219":{"start":{"line":439,"column":2},"end":{"line":439,"column":73}},"220":{"start":{"line":440,"column":2},"end":{"line":440,"column":34}},"221":{"start":{"line":443,"column":0},"end":{"line":449,"column":2}},"222":{"start":{"line":444,"column":16},"end":{"line":444,"column":63}},"223":{"start":{"line":445,"column":2},"end":{"line":445,"column":63}},"224":{"start":{"line":446,"column":2},"end":{"line":446,"column":69}},"225":{"start":{"line":447,"column":2},"end":{"line":447,"column":73}},"226":{"start":{"line":448,"column":2},"end":{"line":448,"column":34}},"227":{"start":{"line":451,"column":0},"end":{"line":459,"column":2}},"228":{"start":{"line":452,"column":16},"end":{"line":452,"column":67}},"229":{"start":{"line":453,"column":2},"end":{"line":456,"column":3}},"230":{"start":{"line":454,"column":16},"end":{"line":454,"column":35}},"231":{"start":{"line":455,"column":4},"end":{"line":455,"column":27}},"232":{"start":{"line":457,"column":2},"end":{"line":457,"column":61}},"233":{"start":{"line":458,"column":2},"end":{"line":458,"column":23}},"234":{"start":{"line":461,"column":0},"end":{"line":477,"column":2}},"235":{"start":{"line":463,"column":16},"end":{"line":463,"column":67}},"236":{"start":{"line":464,"column":2},"end":{"line":467,"column":3}},"237":{"start":{"line":465,"column":23},"end":{"line":465,"column":42}},"238":{"start":{"line":466,"column":4},"end":{"line":466,"column":34}},"239":{"start":{"line":469,"column":23},"end":{"line":469,"column":74}},"240":{"start":{"line":470,"column":2},"end":{"line":473,"column":3}},"241":{"start":{"line":471,"column":24},"end":{"line":471,"column":42}},"242":{"start":{"line":472,"column":4},"end":{"line":472,"column":35}},"243":{"start":{"line":475,"column":2},"end":{"line":475,"column":61}},"244":{"start":{"line":476,"column":2},"end":{"line":476,"column":23}},"245":{"start":{"line":479,"column":0},"end":{"line":499,"column":2}},"246":{"start":{"line":480,"column":2},"end":{"line":484,"column":3}},"247":{"start":{"line":481,"column":16},"end":{"line":481,"column":34}},"248":{"start":{"line":482,"column":4},"end":{"line":482,"column":20}},"249":{"start":{"line":483,"column":4},"end":{"line":483,"column":11}},"250":{"start":{"line":486,"column":13},"end":{"line":486,"column":58}},"251":{"start":{"line":488,"column":13},"end":{"line":488,"column":17}},"252":{"start":{"line":489,"column":2},"end":{"line":498,"column":5}},"253":{"start":{"line":490,"column":4},"end":{"line":492,"column":5}},"254":{"start":{"line":491,"column":6},"end":{"line":491,"column":27}},"255":{"start":{"line":494,"column":4},"end":{"line":497,"column":7}},"256":{"start":{"line":495,"column":6},"end":{"line":495,"column":63}},"257":{"start":{"line":496,"column":6},"end":{"line":496,"column":25}},"258":{"start":{"line":503,"column":0},"end":{"line":505,"column":2}},"259":{"start":{"line":504,"column":2},"end":{"line":504,"column":32}},"260":{"start":{"line":507,"column":0},"end":{"line":509,"column":2}},"261":{"start":{"line":508,"column":2},"end":{"line":508,"column":42}},"262":{"start":{"line":511,"column":0},"end":{"line":513,"column":2}},"263":{"start":{"line":512,"column":2},"end":{"line":512,"column":62}},"264":{"start":{"line":515,"column":0},"end":{"line":517,"column":2}},"265":{"start":{"line":516,"column":2},"end":{"line":516,"column":54}},"266":{"start":{"line":519,"column":0},"end":{"line":530,"column":2}},"267":{"start":{"line":520,"column":2},"end":{"line":523,"column":3}},"268":{"start":{"line":521,"column":4},"end":{"line":521,"column":25}},"269":{"start":{"line":522,"column":4},"end":{"line":522,"column":26}},"270":{"start":{"line":524,"column":2},"end":{"line":529,"column":5}},"271":{"start":{"line":525,"column":4},"end":{"line":527,"column":5}},"272":{"start":{"line":526,"column":6},"end":{"line":526,"column":27}},"273":{"start":{"line":528,"column":4},"end":{"line":528,"column":25}},"274":{"start":{"line":533,"column":0},"end":{"line":533,"column":47}},"275":{"start":{"line":535,"column":0},"end":{"line":542,"column":2}},"276":{"start":{"line":536,"column":2},"end":{"line":539,"column":3}},"277":{"start":{"line":537,"column":4},"end":{"line":537,"column":22}},"278":{"start":{"line":538,"column":4},"end":{"line":538,"column":16}},"279":{"start":{"line":541,"column":2},"end":{"line":541,"column":61}},"280":{"start":{"line":563,"column":0},"end":{"line":565,"column":2}},"281":{"start":{"line":564,"column":2},"end":{"line":564,"column":24}},"282":{"start":{"line":576,"column":0},"end":{"line":578,"column":2}},"283":{"start":{"line":577,"column":2},"end":{"line":577,"column":24}},"284":{"start":{"line":589,"column":0},"end":{"line":591,"column":2}},"285":{"start":{"line":590,"column":2},"end":{"line":590,"column":21}},"286":{"start":{"line":603,"column":0},"end":{"line":605,"column":2}},"287":{"start":{"line":604,"column":2},"end":{"line":604,"column":21}},"288":{"start":{"line":618,"column":0},"end":{"line":620,"column":2}},"289":{"start":{"line":619,"column":2},"end":{"line":619,"column":21}},"290":{"start":{"line":632,"column":0},"end":{"line":634,"column":2}},"291":{"start":{"line":633,"column":2},"end":{"line":633,"column":24}},"292":{"start":{"line":645,"column":0},"end":{"line":647,"column":2}},"293":{"start":{"line":646,"column":2},"end":{"line":646,"column":24}},"294":{"start":{"line":659,"column":0},"end":{"line":661,"column":2}},"295":{"start":{"line":660,"column":2},"end":{"line":660,"column":24}},"296":{"start":{"line":672,"column":0},"end":{"line":674,"column":2}},"297":{"start":{"line":673,"column":2},"end":{"line":673,"column":21}},"298":{"start":{"line":686,"column":0},"end":{"line":688,"column":2}},"299":{"start":{"line":687,"column":2},"end":{"line":687,"column":24}},"300":{"start":{"line":699,"column":0},"end":{"line":701,"column":2}},"301":{"start":{"line":700,"column":2},"end":{"line":700,"column":25}},"302":{"start":{"line":718,"column":0},"end":{"line":720,"column":2}},"303":{"start":{"line":719,"column":2},"end":{"line":719,"column":24}},"304":{"start":{"line":729,"column":0},"end":{"line":731,"column":2}},"305":{"start":{"line":730,"column":2},"end":{"line":730,"column":25}},"306":{"start":{"line":741,"column":0},"end":{"line":743,"column":2}},"307":{"start":{"line":742,"column":2},"end":{"line":742,"column":24}},"308":{"start":{"line":752,"column":0},"end":{"line":754,"column":2}},"309":{"start":{"line":753,"column":2},"end":{"line":753,"column":25}},"310":{"start":{"line":764,"column":0},"end":{"line":766,"column":2}},"311":{"start":{"line":765,"column":2},"end":{"line":765,"column":24}},"312":{"start":{"line":779,"column":0},"end":{"line":781,"column":2}},"313":{"start":{"line":780,"column":2},"end":{"line":780,"column":24}},"314":{"start":{"line":792,"column":0},"end":{"line":794,"column":2}},"315":{"start":{"line":793,"column":2},"end":{"line":793,"column":24}},"316":{"start":{"line":804,"column":0},"end":{"line":806,"column":2}},"317":{"start":{"line":805,"column":2},"end":{"line":805,"column":21}},"318":{"start":{"line":816,"column":0},"end":{"line":818,"column":2}},"319":{"start":{"line":817,"column":2},"end":{"line":817,"column":24}},"320":{"start":{"line":820,"column":0},"end":{"line":820,"column":31}}},"fnMap":{"0":{"name":"GethApiDouble","decl":{"start":{"line":15,"column":9},"end":{"line":15,"column":22}},"loc":{"start":{"line":15,"column":42},"end":{"line":40,"column":1}},"line":15},"1":{"name":"(anonymous_1)","decl":{"start":{"line":25,"column":24},"end":{"line":25,"column":25}},"loc":{"start":{"line":25,"column":38},"end":{"line":39,"column":3}},"line":25},"2":{"name":"(anonymous_2)","decl":{"start":{"line":34,"column":22},"end":{"line":34,"column":23}},"loc":{"start":{"line":34,"column":41},"end":{"line":38,"column":5}},"line":34},"3":{"name":"(anonymous_3)","decl":{"start":{"line":35,"column":19},"end":{"line":35,"column":20}},"loc":{"start":{"line":35,"column":30},"end":{"line":37,"column":7}},"line":35},"4":{"name":"(anonymous_4)","decl":{"start":{"line":42,"column":48},"end":{"line":42,"column":49}},"loc":{"start":{"line":42,"column":67},"end":{"line":49,"column":1}},"line":42},"5":{"name":"(anonymous_5)","decl":{"start":{"line":52,"column":40},"end":{"line":52,"column":41}},"loc":{"start":{"line":52,"column":69},"end":{"line":107,"column":1}},"line":52},"6":{"name":"(anonymous_6)","decl":{"start":{"line":109,"column":44},"end":{"line":109,"column":45}},"loc":{"start":{"line":109,"column":73},"end":{"line":117,"column":1}},"line":109},"7":{"name":"(anonymous_7)","decl":{"start":{"line":111,"column":9},"end":{"line":111,"column":10}},"loc":{"start":{"line":111,"column":30},"end":{"line":116,"column":3}},"line":111},"8":{"name":"(anonymous_8)","decl":{"start":{"line":119,"column":56},"end":{"line":119,"column":57}},"loc":{"start":{"line":119,"column":73},"end":{"line":131,"column":1}},"line":119},"9":{"name":"(anonymous_9)","decl":{"start":{"line":135,"column":39},"end":{"line":135,"column":40}},"loc":{"start":{"line":135,"column":58},"end":{"line":137,"column":1}},"line":135},"10":{"name":"(anonymous_10)","decl":{"start":{"line":139,"column":42},"end":{"line":139,"column":43}},"loc":{"start":{"line":139,"column":61},"end":{"line":146,"column":1}},"line":139},"11":{"name":"(anonymous_11)","decl":{"start":{"line":140,"column":25},"end":{"line":140,"column":26}},"loc":{"start":{"line":140,"column":47},"end":{"line":145,"column":3}},"line":140},"12":{"name":"(anonymous_12)","decl":{"start":{"line":148,"column":39},"end":{"line":148,"column":40}},"loc":{"start":{"line":148,"column":58},"end":{"line":150,"column":1}},"line":148},"13":{"name":"(anonymous_13)","decl":{"start":{"line":152,"column":37},"end":{"line":152,"column":38}},"loc":{"start":{"line":152,"column":56},"end":{"line":154,"column":1}},"line":152},"14":{"name":"(anonymous_14)","decl":{"start":{"line":156,"column":39},"end":{"line":156,"column":40}},"loc":{"start":{"line":156,"column":58},"end":{"line":158,"column":1}},"line":156},"15":{"name":"(anonymous_15)","decl":{"start":{"line":160,"column":39},"end":{"line":160,"column":40}},"loc":{"start":{"line":160,"column":58},"end":{"line":162,"column":1}},"line":160},"16":{"name":"(anonymous_16)","decl":{"start":{"line":164,"column":41},"end":{"line":164,"column":42}},"loc":{"start":{"line":164,"column":82},"end":{"line":166,"column":1}},"line":164},"17":{"name":"(anonymous_17)","decl":{"start":{"line":168,"column":38},"end":{"line":168,"column":39}},"loc":{"start":{"line":168,"column":79},"end":{"line":170,"column":1}},"line":168},"18":{"name":"(anonymous_18)","decl":{"start":{"line":172,"column":47},"end":{"line":172,"column":48}},"loc":{"start":{"line":172,"column":104},"end":{"line":184,"column":1}},"line":172},"19":{"name":"(anonymous_19)","decl":{"start":{"line":173,"column":46},"end":{"line":173,"column":47}},"loc":{"start":{"line":173,"column":67},"end":{"line":183,"column":3}},"line":173},"20":{"name":"(anonymous_20)","decl":{"start":{"line":186,"column":45},"end":{"line":186,"column":46}},"loc":{"start":{"line":186,"column":97},"end":{"line":188,"column":1}},"line":186},"21":{"name":"(anonymous_21)","decl":{"start":{"line":190,"column":63},"end":{"line":190,"column":64}},"loc":{"start":{"line":190,"column":95},"end":{"line":201,"column":1}},"line":190},"22":{"name":"(anonymous_22)","decl":{"start":{"line":191,"column":46},"end":{"line":191,"column":47}},"loc":{"start":{"line":191,"column":67},"end":{"line":200,"column":3}},"line":191},"23":{"name":"(anonymous_23)","decl":{"start":{"line":203,"column":61},"end":{"line":203,"column":62}},"loc":{"start":{"line":203,"column":91},"end":{"line":205,"column":1}},"line":203},"24":{"name":"(anonymous_24)","decl":{"start":{"line":207,"column":52},"end":{"line":207,"column":53}},"loc":{"start":{"line":207,"column":77},"end":{"line":220,"column":1}},"line":207},"25":{"name":"(anonymous_25)","decl":{"start":{"line":208,"column":41},"end":{"line":208,"column":42}},"loc":{"start":{"line":208,"column":64},"end":{"line":219,"column":3}},"line":208},"26":{"name":"(anonymous_26)","decl":{"start":{"line":222,"column":51},"end":{"line":222,"column":52}},"loc":{"start":{"line":222,"column":76},"end":{"line":236,"column":1}},"line":222},"27":{"name":"(anonymous_27)","decl":{"start":{"line":223,"column":41},"end":{"line":223,"column":42}},"loc":{"start":{"line":223,"column":64},"end":{"line":235,"column":3}},"line":223},"28
[...]
mn":17},"end":{"line":60,"column":54}},"38":{"start":{"line":61,"column":6},"end":{"line":61,"column":35}},"39":{"start":{"line":63,"column":6},"end":{"line":72,"column":9}},"40":{"start":{"line":64,"column":8},"end":{"line":66,"column":9}},"41":{"start":{"line":65,"column":10},"end":{"line":65,"column":31}},"42":{"start":{"line":67,"column":8},"end":{"line":71,"column":11}},"43":{"start":{"line":68,"column":10},"end":{"line":70,"column":28}},"44":{"start":{"line":69,"column":12},"end":{"line":69,"column":39}},"45":{"start":{"line":75,"column":4},"end":{"line":75,"column":18}},"46":{"start":{"line":79,"column":23},"end":{"line":85,"column":1}},"47":{"start":{"line":87,"column":27},"end":{"line":89,"column":1}},"48":{"start":{"line":88,"column":2},"end":{"line":88,"column":46}}},"fnMap":{"0":{"name":"(anonymous_0)","decl":{"start":{"line":10,"column":10},"end":{"line":10,"column":11}},"loc":{"start":{"line":10,"column":28},"end":{"line":76,"column":3}},"line":10},"1":{"name":"(anonymous_1)","decl":{"start":{"line":21,"column":28},"end":{"line":21,"column":29}},"loc":{"start":{"line":21,"column":38},"end":{"line":25,"column":5}},"line":21},"2":{"name":"(anonymous_2)","decl":{"start":{"line":24,"column":23},"end":{"line":24,"column":24}},"loc":{"start":{"line":24,"column":29},"end":{"line":24,"column":52}},"line":24},"3":{"name":"(anonymous_3)","decl":{"start":{"line":29,"column":20},"end":{"line":29,"column":21}},"loc":{"start":{"line":29,"column":31},"end":{"line":49,"column":5}},"line":29},"4":{"name":"(anonymous_4)","decl":{"start":{"line":31,"column":21},"end":{"line":31,"column":22}},"loc":{"start":{"line":31,"column":32},"end":{"line":31,"column":34}},"line":31},"5":{"name":"(anonymous_5)","decl":{"start":{"line":39,"column":25},"end":{"line":39,"column":26}},"loc":{"start":{"line":39,"column":39},"end":{"line":44,"column":7}},"line":39},"6":{"name":"(anonymous_6)","decl":{"start":{"line":59,"column":19},"end":{"line":59,"column":20}},"loc":{"start":{"line":59,"column":38},"end":{"line":73,"column":5}},"line":59},"7":{"name":"(anonymous_7)","decl":{"start":{"line":63,"column":28},"end":{"line":63,"column":29}},"loc":{"start":{"line":63,"column":42},"end":{"line":72,"column":7}},"line":63},"8":{"name":"(anonymous_8)","decl":{"start":{"line":67,"column":41},"end":{"line":67,"column":42}},"loc":{"start":{"line":67,"column":50},"end":{"line":71,"column":9}},"line":67},"9":{"name":"(anonymous_9)","decl":{"start":{"line":81,"column":9},"end":{"line":81,"column":10}},"loc":{"start":{"line":81,"column":20},"end":{"line":81,"column":22}},"line":81},"10":{"name":"(anonymous_10)","decl":{"start":{"line":87,"column":27},"end":{"line":87,"column":28}},"loc":{"start":{"line":87,"column":45},"end":{"line":89,"column":1}},"line":87}},"branchMap":{"0":{"loc":{"start":{"line":11,"column":35},"end":{"line":11,"column":48}},"type":"binary-expr","locations":[{"start":{"line":11,"column":35},"end":{"line":11,"column":42}},{"start":{"line":11,"column":46},"end":{"line":11,"column":48}}],"line":11},"1":{"loc":{"start":{"line":32,"column":6},"end":{"line":37,"column":7}},"type":"if","locations":[{"start":{"line":32,"column":6},"end":{"line":37,"column":7}},{"start":{"line":32,"column":6},"end":{"line":37,"column":7}}],"line":32},"2":{"loc":{"start":{"line":34,"column":8},"end":{"line":36,"column":9}},"type":"if","locations":[{"start":{"line":34,"column":8},"end":{"line":36,"column":9}},{"start":{"line":34,"column":8},"end":{"line":36,"column":9}}],"line":34},"3":{"loc":{"start":{"line":40,"column":8},"end":{"line":42,"column":9}},"type":"if","locations":[{"start":{"line":40,"column":8},"end":{"line":42,"column":9}},{"start":{"line":40,"column":8},"end":{"line":42,"column":9}}],"line":40},"4":{"loc":{"start":{"line":53,"column":4},"end":{"line":55,"column":5}},"type":"if","locations":[{"start":{"line":53,"column":4},"end":{"line":55,"column":5}},{"start":{"line":53,"column":4},"end":{"line":55,"column":5}}],"line":53},"5":{"loc":{"start":{"line":64,"column":8},"end":{"line":66,"column":9}},"type":"if","locations":[{"start":{"line":64,"column":8},"end":{"line":66,"column":9}},{"start":{"line":64,"column":8},"end":{"line":66,"column":9}}],"line":64}},"s":{"0":1,"1":1,"2":1,"3":1,"4":1,"5":1,"6":9,"7":9,"8":9,"9":9,"10":9,"11":9,"12":9,"13":9,"14":268,"15":268,"16":268,"17":268,"18":9,"19":9,"20":9,"21":9,"22":9,"23":9,"24":9,"25":7,"26":9,"27":9,"28":0,"29":9,"30":9,"31":9,"32":9,"33":9,"34":9,"35":9,"36":9,"37":9,"38":9,"39":9,"40":9,"41":0,"42":9,"43":5,"44":5,"45":9,"46":1,"47":1,"48":9},"f":{"0":9,"1":268,"2":268,"3":9,"4":2,"5":9,"6":9,"7":9,"8":5,"9":30,"10":9},"b":{"0":[9,1],"1":[9,0],"2":[7,2],"3":[0,9],"4":[9,0],"5":[0,9]},"_coverageSchema":"43e27e138ebf9cfc5966b082cf9a028302ed4184","hash":"d899c4e0eec231c35457e58e9b7d71ecf799d9c8","contentHash":"a8aba907823f19295b17e1fdfa299a52"},"/Users/chriscowell/Development/truffle/issues/develop/ganache-core/lib/webSocketServer.js":{"path":"/Users/chriscowell/Development/truffle/issues/develop/ganache-core/lib/webSocketServer.js","statementMap":{"0":{"start":{"line":1,"column":22},"end":{"line":1,"column":49}},"1":{"start":{"line":3,"column":0},"end":{"line":14,"column":2}},"2":{"start":{"line":4,"column":26},"end":{"line":4,"column":65}},"3":{"start":{"line":6,"column":17},"end":{"line":9,"column":4}},"4":{"start":{"line":11,"column":2},"end":{"line":11,"column":61}},"5":{"start":{"line":13,"column":2},"end":{"line":13,"column":18}},"6":{"start":{"line":17,"column":15},"end":{"line":17,"column":19}},"7":{"start":{"line":18,"column":2},"end":{"line":18,"column":27}},"8":{"start":{"line":19,"column":2},"end":{"line":19,"column":23}},"9":{"start":{"line":20,"column":2},"end":{"line":20,"column":40}},"10":{"start":{"line":21,"column":2},"end":{"line":21,"column":24}},"11":{"start":{"line":22,"column":2},"end":{"line":22,"column":29}},"12":{"start":{"line":24,"column":2},"end":{"line":24,"column":67}},"13":{"start":{"line":25,"column":2},"end":{"line":25,"column":59}},"14":{"start":{"line":26,"column":2},"end":{"line":26,"column":49}},"15":{"start":{"line":27,"column":2},"end":{"line":27,"column":55}},"16":{"start":{"line":29,"column":2},"end":{"line":34,"column":5}},"17":{"start":{"line":30,"column":4},"end":{"line":32,"column":5}},"18":{"start":{"line":31,"column":6},"end":{"line":31,"column":13}},"19":{"start":{"line":33,"column":4},"end":{"line":33,"column":44}},"20":{"start":{"line":37,"column":0},"end":{"line":77,"column":2}},"21":{"start":{"line":38,"column":15},"end":{"line":38,"column":19}},"22":{"start":{"line":39,"column":2},"end":{"line":39,"column":43}},"23":{"start":{"line":40,"column":2},"end":{"line":43,"column":4}},"24":{"start":{"line":45,"column":2},"end":{"line":54,"column":5}},"25":{"start":{"line":46,"column":4},"end":{"line":50,"column":5}},"26":{"start":{"line":47,"column":20},"end":{"line":47,"column":48}},"27":{"start":{"line":49,"column":6},"end":{"line":49,"column":44}},"28":{"start":{"line":52,"column":4},"end":{"line":52,"column":30}},"29":{"start":{"line":53,"column":4},"end":{"line":53,"column":45}},"30":{"start":{"line":56,"column":2},"end":{"line":76,"column":5}},"31":{"start":{"line":58,"column":4},"end":{"line":73,"column":7}},"32":{"start":{"line":59,"column":6},"end":{"line":72,"column":8}},"33":{"start":{"line":67,"column":10},"end":{"line":69,"column":11}},"34":{"start":{"line":68,"column":12},"end":{"line":68,"column":19}},"35":{"start":{"line":70,"column":10},"end":{"line":70,"column":66}},"36":{"start":{"line":75,"column":4},"end":{"line":75,"column":43}},"37":{"start":{"line":79,"column":0},"end":{"line":113,"column":2}},"38":{"start":{"line":80,"column":15},"end":{"line":80,"column":19}},"39":{"start":{"line":83,"column":2},"end":{"line":112,"column":3}},"40":{"start":{"line":85,"column":6},"end":{"line":91,"column":9}},"41":{"start":{"line":86,"column":8},"end":{"line":89,"column":9}},"42":{"start":{"line":87,"column":10},"end":{"line":87,"column":78}},"43":{"start":{"line":88,"column":10},"end":{"line":88,"column":92}},"44":{"start":{"line":90,"column":8},"end":{"line":90,"column":48}},"45":{"start":{"line":92,"column":6},"end":{"line":92,"column":12}},"46":{"start":{"line":94,"column":6},"end":{"line":106,"column":9}},"47":{"start":{"line":95,"column":8},"end":{"line":100,"column":9}},"48":{"start":{"line":96,"column":10},"end":{"line":98,"column":11}},"49":{"start":{"line":97,"column":12},"end":{"line":97,"column":52}},"50":{"start":{"line":99,"column":10},"end":{"line":99,"column":17}},"51":{"start":{"line":102,"column":8},"end":{"line":102,"column":80}},"52":{"start":{"line":103,"column":8},"end":{"line":103,"column":67}},"53":{"start":{"line":105,"column":8},"end":{"line":105,"column":48}},"54":{"start":{"line":107,"column":6},"end":{"line":107,"column":12}},"55":{"start":{"line":109,"column":6},"end":{"line":111,"column":9}},"56":{"start":{"line":110,"column":8},"end":{"line":110,"column":48}},"57":{"start":{"line":116,"column":0},"end":{"line":127,"column":2}},"58":{"start":{"line":117,"column":15},"end":{"line":117,"column":19}},"59":{"start":{"line":118,"column":2},"end":{"line":126,"column":3}},"60":{"start":{"line":120,"column":4},"end":{"line":123,"column":5}},"61":{"start":{"line":121,"column":17},"end":{"line":121,"column":27}},"62":{"start":{"line":122,"column":6},"end":{"line":122,"column":35}},"63":{"start":{"line":125,"column":4},"end":{"line":125,"column":36}},"64":{"start":{"line":129,"column":0},"end":{"line":131,"column":2}},"65":{"start":{"line":130,"column":2},"end":{"line":130,"column":115}}},"fnMap":{"0":{"name":"(anonymous_0)","decl":{"start":{"line":3,"column":17},"end":{"line":3,"column":18}},"loc":{"start":{"line":3,"column":56},"end":{"line":14,"column":1}},"line":3},"1":{"name":"ConnectionManager","decl":{"start":{"line":16,"column":9},"end":{"line":16,"column":26}},"loc":{"start":{"line":16,"column":45},"end":{"line":35,"column":1}},"line":16},"2":{"name":"(anonymous_2)","decl":{"start":{"line":29,"column":22},"end":{"line":29,"column":23}},"loc":{"start":{"line":29,"column":50},"end":{"line":34,"column":3}},"line":29},"3":{"name":"(anonymous_3)","decl":{"start":{"line":37,"column":47},"end":{"line":37,"column":48}},"loc":{"start":{"line":37,"column":68},"end":{"line":77,"column":1}},"line":37},"4":{"name":"(anonymous_4)","decl":{"start":{"line":45,"column":27},"end":{"line":45,"column":28}},"loc":{"start":{"line":45,"column":45},"end":{"line":54,"column":3}},"line":45},"5":{"name":"(anonymous_5)","decl":{"start":{"line":56,"column":25},"end":{"line":56,"column":26}},"loc":{"start":{"line":56,"column":36},"end":{"line":76,"column":3}},"line":56},"6":{"name":"(anonymous_6)","decl":{"start":{"line":58,"column":71},"end":{"line":58,"column":72}},"loc":{"start":{"line":58,"column":91},"end":{"line":73,"column":5}},"line":58},"7":{"name":"(anonymous_7)","decl":{"start":{"line":66,"column":8},"end":{"line":66,"column":9}},"loc":{"start":{"line":66,"column":30},"end":{"line":71,"column":9}},"line":66},"8":{"name":"(anonymous_8)","decl":{"start":{"line":79,"column":45},"end":{"line":79,"column":46}},"loc":{"start":{"line":79,"column":75},"end":{"line":113,"column":1}},"line":79},"9":{"name":"(anonymous_9)","decl":{"start":{"line":85,"column":34},"end":{"line":85,"column":35}},"loc":{"start":{"line":85,"column":56},"end":{"line":91,"column":7}},"line":85},"10":{"name":"(anonymous_10)","decl":{"start":{"line":94,"column":34},"end":{"line":94,"column":35}},"loc":{"start":{"line":94,"column":56},"end":{"line":106,"column":7}},"line":94},"11":{"name":"(anonymous_11)","decl":{"start":{"line":109,"column":34},"end":{"line":109,"column":35}},"loc":{"start":{"line":109,"column":54},"end":{"line":111,"column":7}},"line":109},"12":{"name":"(anonymous_12)","decl":{"start":{"line":116,"column":42},"end":{"line":116,"column":43}},"loc":{"start":{"line":116,"column":60},"end":{"line":127,"column":1}},"line":116},"13":{"name":"(anonymous_13)","decl":{"start":{"line":129,"column":51},"end":{"line":129,"column":52}},"loc":{"start":{"line":129,"column":74},"end":{"line":131,"column":1}},"line":129}},"branchMap":{"0":{"loc":{"start":{"line":30,"column":4},"end":{"line":32,"column":5}},"type":"if","locations":[{"start":{"line":30,"column":4},"end":{"line":32,"column":5}},{"start":{"line":30,"column":4},"end":{"line":32,"column":5}}],"line":30},"1":{"loc":{"start":{"line":67,"column":10},"end":{"line":69,"column":11}},"type":"if","locations":[{"start":{"line":67,"column":10},"end":{"line":69,"column":11}},{"start":{"line":67,"column":10},"end":{"line":69,"column":11}}],"line":67},"2":{"loc":{"start":{"line":83,"column":2},"end":{"line":112,"column":3}},"type":"switch","locations":[{"start":{"line":84,"column":4},"end":{"line":92,"column":12}},{"start":{"line":93,"column":4},"end":{"line":107,"column":12}},{"start":{"line":108,"column":4},"end":{"line":111,"column":9}}],"line":83},"3":{"loc":{"start":{"line":86,"column":8},"end":{"line":89,"column":9}},"type":"if","locations":[{"start":{"line":86,"column":8},"end":{"line":89,"column":9}},{"start":{"line":86,"column":8},"end":{"line":89,"column":9}}],"line":86},"4":{"loc":{"start":{"line":86,"column":12},"end":{"line":86,"column":33}},"type":"binary-expr","locations":[{"start":{"line":86,"column":12},"end":{"line":86,"column":16}},{"start":{"line":86,"column":20},"end":{"line":86,"column":33}}],"line":86},"5":{"loc":{"start":{"line":95,"column":8},"end":{"line":100,"column":9}},"type":"if","locations":[{"start":{"line":95,"column":8},"end":{"line":100,"column":9}},{"start":{"line":95,"column":8},"end":{"line":100,"column":9}}],"line":95},"6":{"loc":{"start":{"line":95,"column":12},"end":{"line":95,"column":31}},"type":"binary-expr","locations":[{"start":{"line":95,"column":12},"end":{"line":95,"column":15}},{"start":{"line":95,"column":19},"end":{"line":95,"column":31}}],"line":95},"7":{"loc":{"start":{"line":96,"column":10},"end":{"line":98,"column":11}},"type":"if","locations":[{"start":{"line":96,"column":10},"end":{"line":98,"column":11}},{"start":{"line":96,"column":10},"end":{"line":98,"column":11}}],"line":96},"8":{"loc":{"start":{"line":96,"column":14},"end":{"line":96,"column":43}},"type":"binary-expr","locations":[{"start":{"line":96,"column":14},"end":{"line":96,"column":24}},{"start":{"line":96,"column":28},"end":{"line":96,"column":43}}],"line":96},"9":{"loc":{"start":{"line":118,"column":2},"end":{"line":126,"column":3}},"type":"if","locations":[{"start":{"line":118,"column":2},"end":{"line":126,"column":3}},{"start":{"line":118,"column":2},"end":{"line":126,"column":3}}],"line":118}},"s":{"0":1,"1":1,"2":9,"3":9,"4":9,"5":9,"6":9,"7":9,"8":9,"9":9,"10":9,"11":9,"12":9,"13":9,"14":9,"15":9,"16":9,"17":8,"18":0,"19":8,"20":1,"21":4,"22":4,"23":4,"24":4,"25":243,"26":243,"27":0,"28":243,"29":243,"30":4,"31":4,"32":7,"33":7,"34":0,"35":7,"36":4,"37":1,"38":243,"39":243,"40":7,"41":7,"42":7,"43":7,"44":7,"45":7,"46":0,"47":0,"48":0,"49":0,"50":0,"51":0,"52":0,"53":0,"54":0,"55":236,"56":236,"57":1,"58":243,"59":243,"60":0,"61":0,"62":0,"63":243,"64":1,"65":8},"f":{"0":9,"1":9,"2":8,"3":4,"4":243,"5":4,"6":7,"7":7,"8":243,"9":7,"10":0,"11":236,"12":243,"13":8},"b":{"0":[0,8],"1":[0,7],"2":[7,0,236],"3":[7,0],"4":[7,7],"5":[0,0],"6":[0,0],"7":[0,0],"8":[0,0],"9":[0,243]},"_coverageSchema":"43e27e138ebf9cfc5966b082cf9a028302ed4184","hash":"b85abecb99b57e1e3bd32e0b0c20dd34f1cf452f","contentHash":"bb770e5cbaa085059b5e672701e8d0c1"},"/Users/chriscowell/Development/truffle/issues/develop/ganache-core/lib/httpServer.js":{"path":"/Users/chriscowell/Development/truffle/issues/develop/ganache-core/lib/httpServer.js","statementMap":{"0":{"start":{"line":1,"column":11},"end":{"line":1,"column":26}},"1":{"start":{"line":3,"column":0},"end":{"line":75,"column":2}},"2":{"start":{"line":4,"column":15},"end":{"line":71,"column":4}},"3":{"start":{"line":5,"column":17},"end":{"line":5,"column":31}},"4":{"start":{"line":6,"column":15},"end":{"line":6,"column":17}},"5":{"start":{"line":8,"column":4},"end":{"line":70,"column":9}},"6":{"start":{"line":10,"column":8},"end":{"line":10,"column":25}},"7":{"start":{"line":13,"column":8},"end":{"line":13,"column":46}},"8":{"start":{"line":17,"column":22},"end":{"line":21,"column":9}},"9":{"start":{"line":23,"column":8},"end":{"line":69,"column":9}},"10":{"start":{"line":25,"column":12},"end":{"line":25,"column":51}},"11":{"start":{"line":26,"column":12},"end":{"line":26,"column":45}},"12":{"start":{"line":27,"column":12},"end":{"line":27,"column":29}},"13":{"start":{"line":28,"column":12},"end":{"line":28,"column":18}},"14":{"start":{"line":33,"column":12},"end":{"line":40,"column":13}},"15":{"start":{"line":34,"column":14},"end":{"line":34,"column":41}},"16":{"start":{"line":36,"column":14},"end":{"line":36,"column":53}},"17":{"start":{"line":37,"column":14},"end":{"line":37,"column":47}},"18":{"start":{"line":38,"column":14},"end":{"line":38,"column":46}},"19":{"start":{"line":39,"column":14},"end":{"line":39,"column":21}},"20":{"start":{"line":43,"column":12},"end":{"line":51,"column":13}},"21":{"start":{"line":45,"column":14},"end":{"line":48,"column":15}},"22":{"start":{"line":46,"column":27},"end":{"line":46,"column":37}},"23":{"start":{"line":47,"column":16},"end":{"line":47,"column":40}},"24":{"start":{"line":50,"column":14},"end":{"line":50,"column":41}},"25":{"start":{"line":53,"column":12},"end":{"line":57,"column":15}},"26":{"start":{"line":54,"column":14},"end":{"line":54,"column":59}},"27":{"start":{"line":55,"column":14},"end":{"line":55,"column":47}},"28":{"start":{"line":56,"column":14},"end":{"line":56,"column":51}},"29":{"start":{"line":59,"column":12},"end":{"line":59,"column":18}},"30":{"start":{"line":61,"column":12},"end":{"line":66,"column":15}},"31":{"start":{"line":67,"column":12},"end":{"line":67,"column":44}},"32":{"start":{"line":68,"column":12},"end":{"line":68,"column":18}},"33":{"start":{"line":73,"column":2},"end":{"line":73,"column":36}},"34":{"start":{"line":74,"column":2},"end":{"line":74,"column":16}}},"fnMap":{"0":{"name":"(anonymous_0)","decl":{"start":{"line":3,"column":17},"end":{"line":3,"column":18}},"loc":{"start":{"line":3,"column":44},"end":{"line":75,"column":1}},"line":3},"1":{"name":"(anonymous_1)","decl":{"start":{"line":4,"column":33},"end":{"line":4,"column":34}},"loc":{"start":{"line":4,"column":61},"end":{"line":71,"column":3}},"line":4},"2":{"name":"(anonymous_2)","decl":{"start":{"line":9,"column":18},"end":{"line":9,"column":19}},"loc":{"start":{"line":9,"column":34},"end":{"line":11,"column":7}},"line":9},"3":{"name":"(anonymous_3)","decl":{"start":{"line":12,"column":17},"end":{"line":12,"column":18}},"loc":{"start":{"line":12,"column":28},"end":{"line":70,"column":7}},"line":12},"4":{"name":"(anonymous_4)","decl":{"start":{"line":53,"column":35},"end":{"line":53,"column":36}},"loc":{"start":{"line":53,"column":55},"end":{"line":57,"column":13}},"line":53}},"branchMap":{"0":{"loc":{"start":{"line":23,"column":8},"end":{"line":69,"column":9}},"type":"switch","locations":[{"start":{"line":24,"column":10},"end":{"line":28,"column":18}},{"start":{"line":29,"column":10},"end":{"line":59,"column":18}},{"start":{"line":60,"column":10},"end":{"line":68,"column":18}}],"line":23},"1":{"loc":{"start":{"line":43,"column":12},"end":{"line":51,"column":13}},"type":"if","locations":[{"start":{"line":43,"column":12},"end":{"line":51,"column":13}},{"start":{"line":43,"column":12},"end":{"line":51,"column":13}}],"line":43}},"s":{"0":1,"1":1,"2":9,"3":264,"4":264,"5":264,"6":264,"7":264,"8":264,"9":264,"10":0,"11":0,"12":0,"13":0,"14":264,"15":264,"16":0,"17":0,"18":0,"19":0,"20":264,"21":0,"22":0,"23":0,"24":264,"25":264,"26":264,"27":264,"28":264,"29":264,"30":0,"31":0,"32":0,"33":9,"34":9},"f":{"0":9,"1":264,"2":264,"3":264,"4":264},"b":{"0":[0,264,0],"1":[0,264]},"_coverageSchema":"43e27e138ebf9cfc5966b082cf9a028302ed4184","hash":"964fde91f0fbdb1a60dd1fa6109cd5e32cd868d7","contentHash":"d15599dd9043f961842010adfa4e5e4d"}}